22/08/09 05:48:44 INFO TextDataConvertor: Dataset: [data/rating_5000_cls_hc_10core_iterative.csv]
22/08/09 05:48:45 INFO TextDataConvertor: DataSet: ...ng_5000_cls_hc_10core_iterative.csv is finished
22/08/09 05:48:45 INFO TextDataConvertor: rating Scale (real): 3.0 to 5.0
22/08/09 05:48:45 INFO TextDataConvertor: user number: 4005,	 item number is: 2673
22/08/09 05:48:45 INFO TextDataModel: Transform data to Convertor successfully!
22/08/09 05:48:46 INFO TextDataModel: Split data to train Set and test Set successfully!
22/08/09 05:48:46 INFO TextDataModel: Feature appender loaded successfully!
22/08/09 05:48:46 INFO TextDataConvertor: Dataset: [data/split/cv_1/train.txt]
22/08/09 05:48:46 INFO TextDataConvertor: DataSet: data/split/cv_1/train.txt is finished
22/08/09 05:48:47 INFO TextDataConvertor: rating Scale (real): 3.0 to 5.0
22/08/09 05:48:47 INFO TextDataConvertor: user number: 4005,	 item number is: 2673
22/08/09 05:48:47 INFO TextDataModel: Transform data to Convertor successfully!
22/08/09 05:48:47 INFO TextDataConvertor: Dataset: [data/split/cv_1/test.txt]
22/08/09 05:48:47 INFO TextDataConvertor: DataSet: data/split/cv_1/test.txt is finished
22/08/09 05:48:47 INFO TextDataConvertor: rating Scale (real): 3.0 to 5.0
22/08/09 05:48:47 INFO TextDataConvertor: user number: 4005,	 item number is: 2673
22/08/09 05:48:47 INFO TextDataModel: Split data to train Set and test Set successfully!
22/08/09 05:48:47 INFO TextDataModel: Data cardinality of training is 73580
22/08/09 05:48:47 INFO TextDataModel: Data cardinality of testing is 36791
22/08/09 05:48:47 INFO TextDataModel: Feature appender loaded successfully!
22/08/09 05:48:47 INFO OracleAlgo: Job Setup completed.
** Training model in OracleAlgo **
22/08/09 05:48:47 INFO TextDataConvertor: Dataset: [exp00001/result/out-1.txt]
22/08/09 05:48:47 INFO TextDataConvertor: DataSet: exp00001/result/out-1.txt is finished
22/08/09 05:48:47 INFO TextDataConvertor: user number: 4005,	 item number is: 2673
22/08/09 05:48:47 INFO OracleAlgo: Job Train completed.
22/08/09 05:48:47 INFO OracleAlgo: begin recommend
22/08/09 05:48:48 INFO OracleAlgo: end recommend
22/08/09 05:48:48 INFO RecommenderJob: Evaluator info:NormalizedDCGEvaluator is 0.03516456692211329
22/08/09 05:48:48 INFO RecommenderJob: Evaluator info:PStatisticalParityEvaluator is -0.7152357071214025
22/08/09 05:48:49 INFO TextDataConvertor: Dataset: [data/split/cv_2/train.txt]
22/08/09 05:48:49 INFO TextDataConvertor: DataSet: data/split/cv_2/train.txt is finished
22/08/09 05:48:49 INFO TextDataConvertor: rating Scale (real): 3.0 to 5.0
22/08/09 05:48:49 INFO TextDataConvertor: user number: 4005,	 item number is: 2673
22/08/09 05:48:49 INFO TextDataModel: Transform data to Convertor successfully!
22/08/09 05:48:49 INFO TextDataConvertor: Dataset: [data/split/cv_2/test.txt]
22/08/09 05:48:49 INFO TextDataConvertor: DataSet: data/split/cv_2/test.txt is finished
22/08/09 05:48:49 INFO TextDataConvertor: rating Scale (real): 3.0 to 5.0
22/08/09 05:48:49 INFO TextDataConvertor: user number: 4005,	 item number is: 2673
22/08/09 05:48:49 INFO TextDataModel: Split data to train Set and test Set successfully!
22/08/09 05:48:49 INFO TextDataModel: Data cardinality of training is 73581
22/08/09 05:48:49 INFO TextDataModel: Data cardinality of testing is 36790
22/08/09 05:48:49 INFO TextDataModel: Feature appender loaded successfully!
22/08/09 05:48:49 INFO OracleAlgo: Job Setup completed.
** Training model in OracleAlgo **
22/08/09 05:48:49 INFO TextDataConvertor: Dataset: [exp00001/result/out-2.txt]
22/08/09 05:48:49 INFO TextDataConvertor: DataSet: exp00001/result/out-2.txt is finished
22/08/09 05:48:49 INFO TextDataConvertor: user number: 4005,	 item number is: 2673
22/08/09 05:48:49 INFO OracleAlgo: Job Train completed.
22/08/09 05:48:49 INFO OracleAlgo: begin recommend
22/08/09 05:48:50 INFO OracleAlgo: end recommend
22/08/09 05:48:50 INFO RecommenderJob: Evaluator info:NormalizedDCGEvaluator is 0.0369104638458203
22/08/09 05:48:50 INFO RecommenderJob: Evaluator info:PStatisticalParityEvaluator is -0.7143674698795568
22/08/09 05:48:50 INFO TextDataConvertor: Dataset: [data/split/cv_3/train.txt]
22/08/09 05:48:50 INFO TextDataConvertor: DataSet: data/split/cv_3/train.txt is finished
22/08/09 05:48:50 INFO TextDataConvertor: rating Scale (real): 3.0 to 5.0
22/08/09 05:48:50 INFO TextDataConvertor: user number: 4005,	 item number is: 2673
22/08/09 05:48:50 INFO TextDataModel: Transform data to Convertor successfully!
22/08/09 05:48:50 INFO TextDataConvertor: Dataset: [data/split/cv_3/test.txt]
22/08/09 05:48:50 INFO TextDataConvertor: DataSet: data/split/cv_3/test.txt is finished
22/08/09 05:48:50 INFO TextDataConvertor: rating Scale (real): 3.0 to 5.0
22/08/09 05:48:50 INFO TextDataConvertor: user number: 4005,	 item number is: 2673
22/08/09 05:48:50 INFO TextDataModel: Split data to train Set and test Set successfully!
22/08/09 05:48:50 INFO TextDataModel: Data cardinality of training is 73581
22/08/09 05:48:50 INFO TextDataModel: Data cardinality of testing is 36790
22/08/09 05:48:51 INFO TextDataModel: Feature appender loaded successfully!
22/08/09 05:48:51 INFO OracleAlgo: Job Setup completed.
** Training model in OracleAlgo **
22/08/09 05:48:51 INFO TextDataConvertor: Dataset: [exp00001/result/out-3.txt]
22/08/09 05:48:51 INFO TextDataConvertor: DataSet: exp00001/result/out-3.txt is finished
22/08/09 05:48:51 INFO TextDataConvertor: user number: 4005,	 item number is: 2673
22/08/09 05:48:51 INFO OracleAlgo: Job Train completed.
22/08/09 05:48:51 INFO OracleAlgo: begin recommend
22/08/09 05:48:51 INFO OracleAlgo: end recommend
22/08/09 05:48:51 INFO RecommenderJob: Evaluator info:NormalizedDCGEvaluator is 0.03681120343097174
22/08/09 05:48:51 INFO RecommenderJob: Evaluator info:PStatisticalParityEvaluator is -0.7188774743172559
