22/08/10 03:36:34 INFO TextDataConvertor: Dataset: [data/rating_5000_cls_hc_10core_iterative.csv]
22/08/10 03:36:34 INFO TextDataConvertor: DataSet: ...ng_5000_cls_hc_10core_iterative.csv is finished
22/08/10 03:36:35 INFO TextDataConvertor: rating Scale (real): 3.0 to 5.0
22/08/10 03:36:35 INFO TextDataConvertor: user number: 4005,	 item number is: 2673
22/08/10 03:36:35 INFO TextDataModel: Transform data to Convertor successfully!
22/08/10 03:36:36 INFO TextDataModel: Split data to train Set and test Set successfully!
22/08/10 03:36:36 INFO TextDataModel: Feature appender loaded successfully!
22/08/10 03:36:36 INFO TextDataConvertor: Dataset: [data/split/cv_1/train.txt]
22/08/10 03:36:36 INFO TextDataConvertor: DataSet: data/split/cv_1/train.txt is finished
22/08/10 03:36:36 INFO TextDataConvertor: rating Scale (real): 3.0 to 5.0
22/08/10 03:36:36 INFO TextDataConvertor: user number: 4005,	 item number is: 2673
22/08/10 03:36:36 INFO TextDataModel: Transform data to Convertor successfully!
22/08/10 03:36:36 INFO TextDataConvertor: Dataset: [data/split/cv_1/test.txt]
22/08/10 03:36:36 INFO TextDataConvertor: DataSet: data/split/cv_1/test.txt is finished
22/08/10 03:36:36 INFO TextDataConvertor: rating Scale (real): 3.0 to 5.0
22/08/10 03:36:36 INFO TextDataConvertor: user number: 4005,	 item number is: 2673
22/08/10 03:36:36 INFO TextDataModel: Split data to train Set and test Set successfully!
22/08/10 03:36:36 INFO TextDataModel: Data cardinality of training is 73580
22/08/10 03:36:36 INFO TextDataModel: Data cardinality of testing is 36791
22/08/10 03:36:37 INFO TextDataModel: Feature appender loaded successfully!
22/08/10 03:36:37 INFO OracleAlgo: Job Setup completed.
** Training model in OracleAlgo **
22/08/10 03:36:37 INFO TextDataConvertor: Dataset: [exp00016/result/out-1.txt]
22/08/10 03:36:37 INFO TextDataConvertor: DataSet: exp00016/result/out-1.txt is finished
22/08/10 03:36:37 INFO TextDataConvertor: user number: 4005,	 item number is: 2673
22/08/10 03:36:37 INFO OracleAlgo: Job Train completed.
22/08/10 03:36:37 INFO OracleAlgo: begin recommend
22/08/10 03:36:38 INFO OracleAlgo: end recommend
22/08/10 03:36:38 INFO RecommenderJob: Evaluator info:NormalizedDCGEvaluator is 0.03516456692211329
22/08/10 03:36:38 INFO RecommenderJob: Evaluator info:PStatisticalParityEvaluator is -0.7152357071214025
22/08/10 03:36:38 INFO TextDataConvertor: Dataset: [data/split/cv_2/train.txt]
22/08/10 03:36:38 INFO TextDataConvertor: DataSet: data/split/cv_2/train.txt is finished
22/08/10 03:36:38 INFO TextDataConvertor: rating Scale (real): 3.0 to 5.0
22/08/10 03:36:38 INFO TextDataConvertor: user number: 4005,	 item number is: 2673
22/08/10 03:36:38 INFO TextDataModel: Transform data to Convertor successfully!
22/08/10 03:36:38 INFO TextDataConvertor: Dataset: [data/split/cv_2/test.txt]
22/08/10 03:36:38 INFO TextDataConvertor: DataSet: data/split/cv_2/test.txt is finished
22/08/10 03:36:38 INFO TextDataConvertor: rating Scale (real): 3.0 to 5.0
22/08/10 03:36:38 INFO TextDataConvertor: user number: 4005,	 item number is: 2673
22/08/10 03:36:39 INFO TextDataModel: Split data to train Set and test Set successfully!
22/08/10 03:36:39 INFO TextDataModel: Data cardinality of training is 73581
22/08/10 03:36:39 INFO TextDataModel: Data cardinality of testing is 36790
22/08/10 03:36:39 INFO TextDataModel: Feature appender loaded successfully!
22/08/10 03:36:39 INFO OracleAlgo: Job Setup completed.
** Training model in OracleAlgo **
22/08/10 03:36:39 INFO TextDataConvertor: Dataset: [exp00016/result/out-2.txt]
22/08/10 03:36:39 INFO TextDataConvertor: DataSet: exp00016/result/out-2.txt is finished
22/08/10 03:36:39 INFO TextDataConvertor: user number: 4005,	 item number is: 2673
22/08/10 03:36:39 INFO OracleAlgo: Job Train completed.
22/08/10 03:36:39 INFO OracleAlgo: begin recommend
22/08/10 03:36:40 INFO OracleAlgo: end recommend
22/08/10 03:36:40 INFO RecommenderJob: Evaluator info:NormalizedDCGEvaluator is 0.0369104638458203
22/08/10 03:36:40 INFO RecommenderJob: Evaluator info:PStatisticalParityEvaluator is -0.7143674698795568
22/08/10 03:36:40 INFO TextDataConvertor: Dataset: [data/split/cv_3/train.txt]
22/08/10 03:36:40 INFO TextDataConvertor: DataSet: data/split/cv_3/train.txt is finished
22/08/10 03:36:40 INFO TextDataConvertor: rating Scale (real): 3.0 to 5.0
22/08/10 03:36:40 INFO TextDataConvertor: user number: 4005,	 item number is: 2673
22/08/10 03:36:40 INFO TextDataModel: Transform data to Convertor successfully!
22/08/10 03:36:40 INFO TextDataConvertor: Dataset: [data/split/cv_3/test.txt]
22/08/10 03:36:40 INFO TextDataConvertor: DataSet: data/split/cv_3/test.txt is finished
22/08/10 03:36:40 INFO TextDataConvertor: rating Scale (real): 3.0 to 5.0
22/08/10 03:36:40 INFO TextDataConvertor: user number: 4005,	 item number is: 2673
22/08/10 03:36:40 INFO TextDataModel: Split data to train Set and test Set successfully!
22/08/10 03:36:40 INFO TextDataModel: Data cardinality of training is 73581
22/08/10 03:36:40 INFO TextDataModel: Data cardinality of testing is 36790
22/08/10 03:36:40 INFO TextDataModel: Feature appender loaded successfully!
22/08/10 03:36:40 INFO OracleAlgo: Job Setup completed.
** Training model in OracleAlgo **
22/08/10 03:36:40 INFO TextDataConvertor: Dataset: [exp00016/result/out-3.txt]
22/08/10 03:36:40 INFO TextDataConvertor: DataSet: exp00016/result/out-3.txt is finished
22/08/10 03:36:40 INFO TextDataConvertor: user number: 4005,	 item number is: 2673
22/08/10 03:36:40 INFO OracleAlgo: Job Train completed.
22/08/10 03:36:40 INFO OracleAlgo: begin recommend
22/08/10 03:36:41 INFO OracleAlgo: end recommend
22/08/10 03:36:41 INFO RecommenderJob: Evaluator info:NormalizedDCGEvaluator is 0.03681120343097174
22/08/10 03:36:41 INFO RecommenderJob: Evaluator info:PStatisticalParityEvaluator is -0.7188774743172559
