22/08/11 09:00:51 INFO TextDataConvertor: Dataset: [data/rating_5000_cls_hc_10core_iterative.csv]
22/08/11 09:00:52 INFO TextDataConvertor: DataSet: ...ng_5000_cls_hc_10core_iterative.csv is finished
22/08/11 09:00:52 INFO TextDataConvertor: rating Scale (real): 3.0 to 5.0
22/08/11 09:00:52 INFO TextDataConvertor: user number: 4005,	 item number is: 2673
22/08/11 09:00:52 INFO TextDataModel: Transform data to Convertor successfully!
22/08/11 09:00:53 INFO TextDataModel: Split data to train Set and test Set successfully!
22/08/11 09:00:54 INFO TextDataModel: Feature appender loaded successfully!
22/08/11 09:00:54 INFO TextDataConvertor: Dataset: [data/split/cv_1/train.txt]
22/08/11 09:00:55 INFO TextDataConvertor: DataSet: data/split/cv_1/train.txt is finished
22/08/11 09:00:55 INFO TextDataConvertor: rating Scale (real): 3.0 to 5.0
22/08/11 09:00:55 INFO TextDataConvertor: user number: 4005,	 item number is: 2673
22/08/11 09:00:55 INFO TextDataModel: Transform data to Convertor successfully!
22/08/11 09:00:55 INFO TextDataConvertor: Dataset: [data/split/cv_1/test.txt]
22/08/11 09:00:55 INFO TextDataConvertor: DataSet: data/split/cv_1/test.txt is finished
22/08/11 09:00:55 INFO TextDataConvertor: rating Scale (real): 3.0 to 5.0
22/08/11 09:00:55 INFO TextDataConvertor: user number: 4005,	 item number is: 2673
22/08/11 09:00:55 INFO TextDataModel: Split data to train Set and test Set successfully!
22/08/11 09:00:55 INFO TextDataModel: Data cardinality of training is 73580
22/08/11 09:00:55 INFO TextDataModel: Data cardinality of testing is 36791
22/08/11 09:00:55 INFO TextDataModel: Feature appender loaded successfully!
22/08/11 09:00:56 INFO OracleAlgo: Job Setup completed.
** Training model in OracleAlgo **
22/08/11 09:00:56 INFO TextDataConvertor: Dataset: [exp00010/result/out-1.txt]
22/08/11 09:00:56 INFO TextDataConvertor: DataSet: exp00010/result/out-1.txt is finished
22/08/11 09:00:56 INFO TextDataConvertor: user number: 4005,	 item number is: 2673
22/08/11 09:00:56 INFO OracleAlgo: Job Train completed.
22/08/11 09:00:56 INFO OracleAlgo: begin recommend
22/08/11 09:00:57 INFO OracleAlgo: end recommend
22/08/11 09:00:58 INFO RecommenderJob: Evaluator info:NormalizedDCGEvaluator is 0.06649831654532785
22/08/11 09:00:58 INFO RecommenderJob: Evaluator info:PStatisticalParityEvaluator is -0.7522467402207113
22/08/11 09:00:58 INFO TextDataConvertor: Dataset: [data/split/cv_2/train.txt]
22/08/11 09:00:58 INFO TextDataConvertor: DataSet: data/split/cv_2/train.txt is finished
22/08/11 09:00:58 INFO TextDataConvertor: rating Scale (real): 3.0 to 5.0
22/08/11 09:00:58 INFO TextDataConvertor: user number: 4005,	 item number is: 2673
22/08/11 09:00:58 INFO TextDataModel: Transform data to Convertor successfully!
22/08/11 09:00:58 INFO TextDataConvertor: Dataset: [data/split/cv_2/test.txt]
22/08/11 09:00:58 INFO TextDataConvertor: DataSet: data/split/cv_2/test.txt is finished
22/08/11 09:00:58 INFO TextDataConvertor: rating Scale (real): 3.0 to 5.0
22/08/11 09:00:58 INFO TextDataConvertor: user number: 4005,	 item number is: 2673
22/08/11 09:00:58 INFO TextDataModel: Split data to train Set and test Set successfully!
22/08/11 09:00:58 INFO TextDataModel: Data cardinality of training is 73581
22/08/11 09:00:58 INFO TextDataModel: Data cardinality of testing is 36790
22/08/11 09:00:58 INFO TextDataModel: Feature appender loaded successfully!
22/08/11 09:00:58 INFO OracleAlgo: Job Setup completed.
** Training model in OracleAlgo **
22/08/11 09:00:58 INFO TextDataConvertor: Dataset: [exp00010/result/out-2.txt]
22/08/11 09:00:59 INFO TextDataConvertor: DataSet: exp00010/result/out-2.txt is finished
22/08/11 09:00:59 INFO TextDataConvertor: user number: 4005,	 item number is: 2673
22/08/11 09:00:59 INFO OracleAlgo: Job Train completed.
22/08/11 09:00:59 INFO OracleAlgo: begin recommend
22/08/11 09:01:00 INFO OracleAlgo: end recommend
22/08/11 09:01:00 INFO RecommenderJob: Evaluator info:NormalizedDCGEvaluator is 0.06144520985651298
22/08/11 09:01:00 INFO RecommenderJob: Evaluator info:PStatisticalParityEvaluator is -0.7635140562249519
22/08/11 09:01:00 INFO TextDataConvertor: Dataset: [data/split/cv_3/train.txt]
22/08/11 09:01:00 INFO TextDataConvertor: DataSet: data/split/cv_3/train.txt is finished
22/08/11 09:01:00 INFO TextDataConvertor: rating Scale (real): 3.0 to 5.0
22/08/11 09:01:00 INFO TextDataConvertor: user number: 4005,	 item number is: 2673
22/08/11 09:01:00 INFO TextDataModel: Transform data to Convertor successfully!
22/08/11 09:01:00 INFO TextDataConvertor: Dataset: [data/split/cv_3/test.txt]
22/08/11 09:01:00 INFO TextDataConvertor: DataSet: data/split/cv_3/test.txt is finished
22/08/11 09:01:00 INFO TextDataConvertor: rating Scale (real): 3.0 to 5.0
22/08/11 09:01:00 INFO TextDataConvertor: user number: 4005,	 item number is: 2673
22/08/11 09:01:00 INFO TextDataModel: Split data to train Set and test Set successfully!
22/08/11 09:01:00 INFO TextDataModel: Data cardinality of training is 73581
22/08/11 09:01:00 INFO TextDataModel: Data cardinality of testing is 36790
22/08/11 09:01:01 INFO TextDataModel: Feature appender loaded successfully!
22/08/11 09:01:01 INFO OracleAlgo: Job Setup completed.
** Training model in OracleAlgo **
22/08/11 09:01:01 INFO TextDataConvertor: Dataset: [exp00010/result/out-3.txt]
22/08/11 09:01:01 INFO TextDataConvertor: DataSet: exp00010/result/out-3.txt is finished
22/08/11 09:01:01 INFO TextDataConvertor: user number: 4005,	 item number is: 2673
22/08/11 09:01:01 INFO OracleAlgo: Job Train completed.
22/08/11 09:01:01 INFO OracleAlgo: begin recommend
22/08/11 09:01:02 INFO OracleAlgo: end recommend
22/08/11 09:01:02 INFO RecommenderJob: Evaluator info:NormalizedDCGEvaluator is 0.05690921976467688
22/08/11 09:01:02 INFO RecommenderJob: Evaluator info:PStatisticalParityEvaluator is -0.770643948885045
