22/08/05 22:28:03 INFO TextDataConvertor: Dataset: [data/rating_5000_cls_hc_10core_iterative.csv]
22/08/05 22:28:07 INFO TextDataConvertor: DataSet: ...ng_5000_cls_hc_10core_iterative.csv is finished
22/08/05 22:28:08 INFO TextDataConvertor: rating Scale (real): 3.0 to 5.0
22/08/05 22:28:08 INFO TextDataConvertor: user number: 4005,	 item number is: 2673
22/08/05 22:28:08 INFO TextDataModel: Transform data to Convertor successfully!
22/08/05 22:28:13 INFO TextDataModel: Split data to train Set and test Set successfully!
22/08/05 22:28:14 INFO TextDataModel: Feature appender loaded successfully!
22/08/05 22:28:14 INFO TextDataConvertor: Dataset: [data/split/cv_1/train.txt]
22/08/05 22:28:16 INFO TextDataConvertor: DataSet: data/split/cv_1/train.txt is finished
22/08/05 22:28:16 INFO TextDataConvertor: rating Scale (real): 3.0 to 5.0
22/08/05 22:28:16 INFO TextDataConvertor: user number: 4005,	 item number is: 2673
22/08/05 22:28:16 INFO TextDataModel: Transform data to Convertor successfully!
22/08/05 22:28:16 INFO TextDataConvertor: Dataset: [data/split/cv_1/test.txt]
22/08/05 22:28:16 INFO TextDataConvertor: DataSet: data/split/cv_1/test.txt is finished
22/08/05 22:28:16 INFO TextDataConvertor: rating Scale (real): 3.0 to 5.0
22/08/05 22:28:16 INFO TextDataConvertor: user number: 4005,	 item number is: 2673
22/08/05 22:28:17 INFO TextDataModel: Split data to train Set and test Set successfully!
22/08/05 22:28:17 INFO TextDataModel: Data cardinality of training is 73580
22/08/05 22:28:17 INFO TextDataModel: Data cardinality of testing is 36791
22/08/05 22:28:18 INFO TextDataModel: Feature appender loaded successfully!
22/08/05 22:28:18 INFO OracleAlgo: Job Setup completed.
** Training model in OracleAlgo **
22/08/05 22:28:18 INFO TextDataConvertor: Dataset: [exp00000/result/out-1.txt]
22/08/05 22:28:19 INFO TextDataConvertor: DataSet: exp00000/result/out-1.txt is finished
22/08/05 22:28:19 INFO TextDataConvertor: user number: 4005,	 item number is: 2673
22/08/05 22:28:20 INFO OracleAlgo: Job Train completed.
22/08/05 22:28:20 INFO OracleAlgo: begin recommend
22/08/05 22:28:24 INFO OracleAlgo: end recommend
22/08/05 22:28:24 INFO RecommenderJob: Evaluator info:NormalizedDCGEvaluator is 0.03233200884080266
22/08/05 22:28:24 INFO RecommenderJob: Evaluator info:PStatisticalParityEvaluator is -0.6296389167502896
22/08/05 22:28:24 INFO TextDataConvertor: Dataset: [data/split/cv_2/train.txt]
22/08/05 22:28:25 INFO TextDataConvertor: DataSet: data/split/cv_2/train.txt is finished
22/08/05 22:28:25 INFO TextDataConvertor: rating Scale (real): 3.0 to 5.0
22/08/05 22:28:25 INFO TextDataConvertor: user number: 4005,	 item number is: 2673
22/08/05 22:28:25 INFO TextDataModel: Transform data to Convertor successfully!
22/08/05 22:28:25 INFO TextDataConvertor: Dataset: [data/split/cv_2/test.txt]
22/08/05 22:28:25 INFO TextDataConvertor: DataSet: data/split/cv_2/test.txt is finished
22/08/05 22:28:25 INFO TextDataConvertor: rating Scale (real): 3.0 to 5.0
22/08/05 22:28:25 INFO TextDataConvertor: user number: 4005,	 item number is: 2673
22/08/05 22:28:26 INFO TextDataModel: Split data to train Set and test Set successfully!
22/08/05 22:28:26 INFO TextDataModel: Data cardinality of training is 73581
22/08/05 22:28:26 INFO TextDataModel: Data cardinality of testing is 36790
22/08/05 22:28:26 INFO TextDataModel: Feature appender loaded successfully!
22/08/05 22:28:27 INFO OracleAlgo: Job Setup completed.
** Training model in OracleAlgo **
22/08/05 22:28:27 INFO TextDataConvertor: Dataset: [exp00000/result/out-2.txt]
22/08/05 22:28:27 INFO TextDataConvertor: DataSet: exp00000/result/out-2.txt is finished
22/08/05 22:28:27 INFO TextDataConvertor: user number: 4005,	 item number is: 2673
22/08/05 22:28:27 INFO OracleAlgo: Job Train completed.
22/08/05 22:28:27 INFO OracleAlgo: begin recommend
22/08/05 22:28:30 INFO OracleAlgo: end recommend
22/08/05 22:28:30 INFO RecommenderJob: Evaluator info:NormalizedDCGEvaluator is 0.0336842303792194
22/08/05 22:28:30 INFO RecommenderJob: Evaluator info:PStatisticalParityEvaluator is -0.6280622489960223
22/08/05 22:28:30 INFO TextDataConvertor: Dataset: [data/split/cv_3/train.txt]
22/08/05 22:28:30 INFO TextDataConvertor: DataSet: data/split/cv_3/train.txt is finished
22/08/05 22:28:30 INFO TextDataConvertor: rating Scale (real): 3.0 to 5.0
22/08/05 22:28:30 INFO TextDataConvertor: user number: 4005,	 item number is: 2673
22/08/05 22:28:30 INFO TextDataModel: Transform data to Convertor successfully!
22/08/05 22:28:30 INFO TextDataConvertor: Dataset: [data/split/cv_3/test.txt]
22/08/05 22:28:31 INFO TextDataConvertor: DataSet: data/split/cv_3/test.txt is finished
22/08/05 22:28:31 INFO TextDataConvertor: rating Scale (real): 3.0 to 5.0
22/08/05 22:28:31 INFO TextDataConvertor: user number: 4005,	 item number is: 2673
22/08/05 22:28:31 INFO TextDataModel: Split data to train Set and test Set successfully!
22/08/05 22:28:31 INFO TextDataModel: Data cardinality of training is 73581
22/08/05 22:28:31 INFO TextDataModel: Data cardinality of testing is 36790
22/08/05 22:28:32 INFO TextDataModel: Feature appender loaded successfully!
22/08/05 22:28:32 INFO OracleAlgo: Job Setup completed.
** Training model in OracleAlgo **
22/08/05 22:28:32 INFO TextDataConvertor: Dataset: [exp00000/result/out-3.txt]
22/08/05 22:28:32 INFO TextDataConvertor: DataSet: exp00000/result/out-3.txt is finished
22/08/05 22:28:32 INFO TextDataConvertor: user number: 4005,	 item number is: 2673
22/08/05 22:28:32 INFO OracleAlgo: Job Train completed.
22/08/05 22:28:32 INFO OracleAlgo: begin recommend
22/08/05 22:28:35 INFO OracleAlgo: end recommend
22/08/05 22:28:35 INFO RecommenderJob: Evaluator info:NormalizedDCGEvaluator is 0.0313573048703352
22/08/05 22:28:35 INFO RecommenderJob: Evaluator info:PStatisticalParityEvaluator is -0.6283638185918705
