22/08/10 03:37:28 INFO TextDataConvertor: Dataset: [data/rating_5000_cls_hc_10core_iterative.csv]
22/08/10 03:37:28 INFO TextDataConvertor: DataSet: ...ng_5000_cls_hc_10core_iterative.csv is finished
22/08/10 03:37:28 INFO TextDataConvertor: rating Scale (real): 3.0 to 5.0
22/08/10 03:37:28 INFO TextDataConvertor: user number: 4005,	 item number is: 2673
22/08/10 03:37:28 INFO TextDataModel: Transform data to Convertor successfully!
22/08/10 03:37:30 INFO TextDataModel: Split data to train Set and test Set successfully!
22/08/10 03:37:30 INFO TextDataModel: Feature appender loaded successfully!
22/08/10 03:37:30 INFO TextDataConvertor: Dataset: [data/split/cv_1/train.txt]
22/08/10 03:37:30 INFO TextDataConvertor: DataSet: data/split/cv_1/train.txt is finished
22/08/10 03:37:30 INFO TextDataConvertor: rating Scale (real): 3.0 to 5.0
22/08/10 03:37:30 INFO TextDataConvertor: user number: 4005,	 item number is: 2673
22/08/10 03:37:30 INFO TextDataModel: Transform data to Convertor successfully!
22/08/10 03:37:30 INFO TextDataConvertor: Dataset: [data/split/cv_1/test.txt]
22/08/10 03:37:30 INFO TextDataConvertor: DataSet: data/split/cv_1/test.txt is finished
22/08/10 03:37:30 INFO TextDataConvertor: rating Scale (real): 3.0 to 5.0
22/08/10 03:37:30 INFO TextDataConvertor: user number: 4005,	 item number is: 2673
22/08/10 03:37:31 INFO TextDataModel: Split data to train Set and test Set successfully!
22/08/10 03:37:31 INFO TextDataModel: Data cardinality of training is 73580
22/08/10 03:37:31 INFO TextDataModel: Data cardinality of testing is 36791
22/08/10 03:37:31 INFO TextDataModel: Feature appender loaded successfully!
22/08/10 03:37:31 INFO OracleAlgo: Job Setup completed.
** Training model in OracleAlgo **
22/08/10 03:37:31 INFO TextDataConvertor: Dataset: [exp00022/result/out-1.txt]
22/08/10 03:37:31 INFO TextDataConvertor: DataSet: exp00022/result/out-1.txt is finished
22/08/10 03:37:31 INFO TextDataConvertor: user number: 4005,	 item number is: 2673
22/08/10 03:37:31 INFO OracleAlgo: Job Train completed.
22/08/10 03:37:31 INFO OracleAlgo: begin recommend
22/08/10 03:37:32 INFO OracleAlgo: end recommend
22/08/10 03:37:32 INFO RecommenderJob: Evaluator info:NormalizedDCGEvaluator is 0.03461141935792415
22/08/10 03:37:32 INFO RecommenderJob: Evaluator info:PStatisticalParityEvaluator is -0.7268906720160957
22/08/10 03:37:32 INFO TextDataConvertor: Dataset: [data/split/cv_2/train.txt]
22/08/10 03:37:33 INFO TextDataConvertor: DataSet: data/split/cv_2/train.txt is finished
22/08/10 03:37:33 INFO TextDataConvertor: rating Scale (real): 3.0 to 5.0
22/08/10 03:37:33 INFO TextDataConvertor: user number: 4005,	 item number is: 2673
22/08/10 03:37:33 INFO TextDataModel: Transform data to Convertor successfully!
22/08/10 03:37:33 INFO TextDataConvertor: Dataset: [data/split/cv_2/test.txt]
22/08/10 03:37:33 INFO TextDataConvertor: DataSet: data/split/cv_2/test.txt is finished
22/08/10 03:37:33 INFO TextDataConvertor: rating Scale (real): 3.0 to 5.0
22/08/10 03:37:33 INFO TextDataConvertor: user number: 4005,	 item number is: 2673
22/08/10 03:37:33 INFO TextDataModel: Split data to train Set and test Set successfully!
22/08/10 03:37:33 INFO TextDataModel: Data cardinality of training is 73581
22/08/10 03:37:33 INFO TextDataModel: Data cardinality of testing is 36790
22/08/10 03:37:33 INFO TextDataModel: Feature appender loaded successfully!
22/08/10 03:37:33 INFO OracleAlgo: Job Setup completed.
** Training model in OracleAlgo **
22/08/10 03:37:33 INFO TextDataConvertor: Dataset: [exp00022/result/out-2.txt]
22/08/10 03:37:33 INFO TextDataConvertor: DataSet: exp00022/result/out-2.txt is finished
22/08/10 03:37:33 INFO TextDataConvertor: user number: 4005,	 item number is: 2673
22/08/10 03:37:33 INFO OracleAlgo: Job Train completed.
22/08/10 03:37:33 INFO OracleAlgo: begin recommend
22/08/10 03:37:34 INFO OracleAlgo: end recommend
22/08/10 03:37:34 INFO RecommenderJob: Evaluator info:NormalizedDCGEvaluator is 0.036132869955568137
22/08/10 03:37:34 INFO RecommenderJob: Evaluator info:PStatisticalParityEvaluator is -0.7331224899598914
22/08/10 03:37:34 INFO TextDataConvertor: Dataset: [data/split/cv_3/train.txt]
22/08/10 03:37:35 INFO TextDataConvertor: DataSet: data/split/cv_3/train.txt is finished
22/08/10 03:37:35 INFO TextDataConvertor: rating Scale (real): 3.0 to 5.0
22/08/10 03:37:35 INFO TextDataConvertor: user number: 4005,	 item number is: 2673
22/08/10 03:37:35 INFO TextDataModel: Transform data to Convertor successfully!
22/08/10 03:37:35 INFO TextDataConvertor: Dataset: [data/split/cv_3/test.txt]
22/08/10 03:37:35 INFO TextDataConvertor: DataSet: data/split/cv_3/test.txt is finished
22/08/10 03:37:35 INFO TextDataConvertor: rating Scale (real): 3.0 to 5.0
22/08/10 03:37:35 INFO TextDataConvertor: user number: 4005,	 item number is: 2673
22/08/10 03:37:35 INFO TextDataModel: Split data to train Set and test Set successfully!
22/08/10 03:37:35 INFO TextDataModel: Data cardinality of training is 73581
22/08/10 03:37:35 INFO TextDataModel: Data cardinality of testing is 36790
22/08/10 03:37:35 INFO TextDataModel: Feature appender loaded successfully!
22/08/10 03:37:35 INFO OracleAlgo: Job Setup completed.
** Training model in OracleAlgo **
22/08/10 03:37:35 INFO TextDataConvertor: Dataset: [exp00022/result/out-3.txt]
22/08/10 03:37:35 INFO TextDataConvertor: DataSet: exp00022/result/out-3.txt is finished
22/08/10 03:37:35 INFO TextDataConvertor: user number: 4005,	 item number is: 2673
22/08/10 03:37:35 INFO OracleAlgo: Job Train completed.
22/08/10 03:37:35 INFO OracleAlgo: begin recommend
22/08/10 03:37:36 INFO OracleAlgo: end recommend
22/08/10 03:37:36 INFO RecommenderJob: Evaluator info:NormalizedDCGEvaluator is 0.035614788857135614
22/08/10 03:37:36 INFO RecommenderJob: Evaluator info:PStatisticalParityEvaluator is -0.7387421698822909
