22/08/09 05:52:09 INFO TextDataConvertor: Dataset: [data/rating_5000_cls_hc_10core_iterative.csv]
22/08/09 05:52:10 INFO TextDataConvertor: DataSet: ...ng_5000_cls_hc_10core_iterative.csv is finished
22/08/09 05:52:10 INFO TextDataConvertor: rating Scale (real): 3.0 to 5.0
22/08/09 05:52:10 INFO TextDataConvertor: user number: 4005,	 item number is: 2673
22/08/09 05:52:10 INFO TextDataModel: Transform data to Convertor successfully!
22/08/09 05:52:12 INFO TextDataModel: Split data to train Set and test Set successfully!
22/08/09 05:52:12 INFO TextDataModel: Feature appender loaded successfully!
22/08/09 05:52:12 INFO TextDataConvertor: Dataset: [data/split/cv_1/train.txt]
22/08/09 05:52:12 INFO TextDataConvertor: DataSet: data/split/cv_1/train.txt is finished
22/08/09 05:52:12 INFO TextDataConvertor: rating Scale (real): 3.0 to 5.0
22/08/09 05:52:12 INFO TextDataConvertor: user number: 4005,	 item number is: 2673
22/08/09 05:52:12 INFO TextDataModel: Transform data to Convertor successfully!
22/08/09 05:52:12 INFO TextDataConvertor: Dataset: [data/split/cv_1/test.txt]
22/08/09 05:52:12 INFO TextDataConvertor: DataSet: data/split/cv_1/test.txt is finished
22/08/09 05:52:12 INFO TextDataConvertor: rating Scale (real): 3.0 to 5.0
22/08/09 05:52:12 INFO TextDataConvertor: user number: 4005,	 item number is: 2673
22/08/09 05:52:13 INFO TextDataModel: Split data to train Set and test Set successfully!
22/08/09 05:52:13 INFO TextDataModel: Data cardinality of training is 73580
22/08/09 05:52:13 INFO TextDataModel: Data cardinality of testing is 36791
22/08/09 05:52:13 INFO TextDataModel: Feature appender loaded successfully!
22/08/09 05:52:13 INFO OracleAlgo: Job Setup completed.
** Training model in OracleAlgo **
22/08/09 05:52:13 INFO TextDataConvertor: Dataset: [exp00022/result/out-1.txt]
22/08/09 05:52:13 INFO TextDataConvertor: DataSet: exp00022/result/out-1.txt is finished
22/08/09 05:52:13 INFO TextDataConvertor: user number: 4005,	 item number is: 2673
22/08/09 05:52:13 INFO OracleAlgo: Job Train completed.
22/08/09 05:52:13 INFO OracleAlgo: begin recommend
22/08/09 05:52:15 INFO OracleAlgo: end recommend
22/08/09 05:52:15 INFO RecommenderJob: Evaluator info:NormalizedDCGEvaluator is 0.03461141935792415
22/08/09 05:52:15 INFO RecommenderJob: Evaluator info:PStatisticalParityEvaluator is -0.7268906720160957
22/08/09 05:52:15 INFO TextDataConvertor: Dataset: [data/split/cv_2/train.txt]
22/08/09 05:52:15 INFO TextDataConvertor: DataSet: data/split/cv_2/train.txt is finished
22/08/09 05:52:15 INFO TextDataConvertor: rating Scale (real): 3.0 to 5.0
22/08/09 05:52:15 INFO TextDataConvertor: user number: 4005,	 item number is: 2673
22/08/09 05:52:15 INFO TextDataModel: Transform data to Convertor successfully!
22/08/09 05:52:15 INFO TextDataConvertor: Dataset: [data/split/cv_2/test.txt]
22/08/09 05:52:15 INFO TextDataConvertor: DataSet: data/split/cv_2/test.txt is finished
22/08/09 05:52:15 INFO TextDataConvertor: rating Scale (real): 3.0 to 5.0
22/08/09 05:52:15 INFO TextDataConvertor: user number: 4005,	 item number is: 2673
22/08/09 05:52:15 INFO TextDataModel: Split data to train Set and test Set successfully!
22/08/09 05:52:15 INFO TextDataModel: Data cardinality of training is 73581
22/08/09 05:52:15 INFO TextDataModel: Data cardinality of testing is 36790
22/08/09 05:52:15 INFO TextDataModel: Feature appender loaded successfully!
22/08/09 05:52:15 INFO OracleAlgo: Job Setup completed.
** Training model in OracleAlgo **
22/08/09 05:52:15 INFO TextDataConvertor: Dataset: [exp00022/result/out-2.txt]
22/08/09 05:52:15 INFO TextDataConvertor: DataSet: exp00022/result/out-2.txt is finished
22/08/09 05:52:15 INFO TextDataConvertor: user number: 4005,	 item number is: 2673
22/08/09 05:52:15 INFO OracleAlgo: Job Train completed.
22/08/09 05:52:15 INFO OracleAlgo: begin recommend
22/08/09 05:52:16 INFO OracleAlgo: end recommend
22/08/09 05:52:16 INFO RecommenderJob: Evaluator info:NormalizedDCGEvaluator is 0.036132869955568137
22/08/09 05:52:16 INFO RecommenderJob: Evaluator info:PStatisticalParityEvaluator is -0.7331224899598914
22/08/09 05:52:16 INFO TextDataConvertor: Dataset: [data/split/cv_3/train.txt]
22/08/09 05:52:17 INFO TextDataConvertor: DataSet: data/split/cv_3/train.txt is finished
22/08/09 05:52:17 INFO TextDataConvertor: rating Scale (real): 3.0 to 5.0
22/08/09 05:52:17 INFO TextDataConvertor: user number: 4005,	 item number is: 2673
22/08/09 05:52:17 INFO TextDataModel: Transform data to Convertor successfully!
22/08/09 05:52:17 INFO TextDataConvertor: Dataset: [data/split/cv_3/test.txt]
22/08/09 05:52:17 INFO TextDataConvertor: DataSet: data/split/cv_3/test.txt is finished
22/08/09 05:52:17 INFO TextDataConvertor: rating Scale (real): 3.0 to 5.0
22/08/09 05:52:17 INFO TextDataConvertor: user number: 4005,	 item number is: 2673
22/08/09 05:52:17 INFO TextDataModel: Split data to train Set and test Set successfully!
22/08/09 05:52:17 INFO TextDataModel: Data cardinality of training is 73581
22/08/09 05:52:17 INFO TextDataModel: Data cardinality of testing is 36790
22/08/09 05:52:17 INFO TextDataModel: Feature appender loaded successfully!
22/08/09 05:52:17 INFO OracleAlgo: Job Setup completed.
** Training model in OracleAlgo **
22/08/09 05:52:17 INFO TextDataConvertor: Dataset: [exp00022/result/out-3.txt]
22/08/09 05:52:17 INFO TextDataConvertor: DataSet: exp00022/result/out-3.txt is finished
22/08/09 05:52:17 INFO TextDataConvertor: user number: 4005,	 item number is: 2673
22/08/09 05:52:17 INFO OracleAlgo: Job Train completed.
22/08/09 05:52:17 INFO OracleAlgo: begin recommend
22/08/09 05:52:18 INFO OracleAlgo: end recommend
22/08/09 05:52:18 INFO RecommenderJob: Evaluator info:NormalizedDCGEvaluator is 0.035614788857135614
22/08/09 05:52:18 INFO RecommenderJob: Evaluator info:PStatisticalParityEvaluator is -0.7387421698822909
