22/08/11 08:59:54 INFO TextDataConvertor: Dataset: [data/rating_5000_cls_hc_10core_iterative.csv]
22/08/11 08:59:55 INFO TextDataConvertor: DataSet: ...ng_5000_cls_hc_10core_iterative.csv is finished
22/08/11 08:59:55 INFO TextDataConvertor: rating Scale (real): 3.0 to 5.0
22/08/11 08:59:55 INFO TextDataConvertor: user number: 4005,	 item number is: 2673
22/08/11 08:59:55 INFO TextDataModel: Transform data to Convertor successfully!
22/08/11 08:59:57 INFO TextDataModel: Split data to train Set and test Set successfully!
22/08/11 08:59:57 INFO TextDataModel: Feature appender loaded successfully!
22/08/11 08:59:57 INFO TextDataConvertor: Dataset: [data/split/cv_1/train.txt]
22/08/11 08:59:58 INFO TextDataConvertor: DataSet: data/split/cv_1/train.txt is finished
22/08/11 08:59:58 INFO TextDataConvertor: rating Scale (real): 3.0 to 5.0
22/08/11 08:59:58 INFO TextDataConvertor: user number: 4005,	 item number is: 2673
22/08/11 08:59:58 INFO TextDataModel: Transform data to Convertor successfully!
22/08/11 08:59:58 INFO TextDataConvertor: Dataset: [data/split/cv_1/test.txt]
22/08/11 08:59:58 INFO TextDataConvertor: DataSet: data/split/cv_1/test.txt is finished
22/08/11 08:59:58 INFO TextDataConvertor: rating Scale (real): 3.0 to 5.0
22/08/11 08:59:58 INFO TextDataConvertor: user number: 4005,	 item number is: 2673
22/08/11 08:59:59 INFO TextDataModel: Split data to train Set and test Set successfully!
22/08/11 08:59:59 INFO TextDataModel: Data cardinality of training is 73580
22/08/11 08:59:59 INFO TextDataModel: Data cardinality of testing is 36791
22/08/11 08:59:59 INFO TextDataModel: Feature appender loaded successfully!
22/08/11 08:59:59 INFO OracleAlgo: Job Setup completed.
** Training model in OracleAlgo **
22/08/11 08:59:59 INFO TextDataConvertor: Dataset: [exp00006/result/out-1.txt]
22/08/11 08:59:59 INFO TextDataConvertor: DataSet: exp00006/result/out-1.txt is finished
22/08/11 08:59:59 INFO TextDataConvertor: user number: 4005,	 item number is: 2673
22/08/11 08:59:59 INFO OracleAlgo: Job Train completed.
22/08/11 08:59:59 INFO OracleAlgo: begin recommend
22/08/11 09:00:01 INFO OracleAlgo: end recommend
22/08/11 09:00:01 INFO RecommenderJob: Evaluator info:NormalizedDCGEvaluator is 0.06684281984263951
22/08/11 09:00:01 INFO RecommenderJob: Evaluator info:PStatisticalParityEvaluator is -0.7506920762287349
22/08/11 09:00:01 INFO TextDataConvertor: Dataset: [data/split/cv_2/train.txt]
22/08/11 09:00:02 INFO TextDataConvertor: DataSet: data/split/cv_2/train.txt is finished
22/08/11 09:00:02 INFO TextDataConvertor: rating Scale (real): 3.0 to 5.0
22/08/11 09:00:02 INFO TextDataConvertor: user number: 4005,	 item number is: 2673
22/08/11 09:00:02 INFO TextDataModel: Transform data to Convertor successfully!
22/08/11 09:00:02 INFO TextDataConvertor: Dataset: [data/split/cv_2/test.txt]
22/08/11 09:00:02 INFO TextDataConvertor: DataSet: data/split/cv_2/test.txt is finished
22/08/11 09:00:02 INFO TextDataConvertor: rating Scale (real): 3.0 to 5.0
22/08/11 09:00:02 INFO TextDataConvertor: user number: 4005,	 item number is: 2673
22/08/11 09:00:02 INFO TextDataModel: Split data to train Set and test Set successfully!
22/08/11 09:00:02 INFO TextDataModel: Data cardinality of training is 73581
22/08/11 09:00:02 INFO TextDataModel: Data cardinality of testing is 36790
22/08/11 09:00:02 INFO TextDataModel: Feature appender loaded successfully!
22/08/11 09:00:02 INFO OracleAlgo: Job Setup completed.
** Training model in OracleAlgo **
22/08/11 09:00:02 INFO TextDataConvertor: Dataset: [exp00006/result/out-2.txt]
22/08/11 09:00:02 INFO TextDataConvertor: DataSet: exp00006/result/out-2.txt is finished
22/08/11 09:00:02 INFO TextDataConvertor: user number: 4005,	 item number is: 2673
22/08/11 09:00:03 INFO OracleAlgo: Job Train completed.
22/08/11 09:00:03 INFO OracleAlgo: begin recommend
22/08/11 09:00:04 INFO OracleAlgo: end recommend
22/08/11 09:00:04 INFO RecommenderJob: Evaluator info:NormalizedDCGEvaluator is 0.0617117316073816
22/08/11 09:00:04 INFO RecommenderJob: Evaluator info:PStatisticalParityEvaluator is -0.7624698795181246
22/08/11 09:00:04 INFO TextDataConvertor: Dataset: [data/split/cv_3/train.txt]
22/08/11 09:00:04 INFO TextDataConvertor: DataSet: data/split/cv_3/train.txt is finished
22/08/11 09:00:04 INFO TextDataConvertor: rating Scale (real): 3.0 to 5.0
22/08/11 09:00:04 INFO TextDataConvertor: user number: 4005,	 item number is: 2673
22/08/11 09:00:04 INFO TextDataModel: Transform data to Convertor successfully!
22/08/11 09:00:04 INFO TextDataConvertor: Dataset: [data/split/cv_3/test.txt]
22/08/11 09:00:04 INFO TextDataConvertor: DataSet: data/split/cv_3/test.txt is finished
22/08/11 09:00:04 INFO TextDataConvertor: rating Scale (real): 3.0 to 5.0
22/08/11 09:00:04 INFO TextDataConvertor: user number: 4005,	 item number is: 2673
22/08/11 09:00:05 INFO TextDataModel: Split data to train Set and test Set successfully!
22/08/11 09:00:05 INFO TextDataModel: Data cardinality of training is 73581
22/08/11 09:00:05 INFO TextDataModel: Data cardinality of testing is 36790
22/08/11 09:00:05 INFO TextDataModel: Feature appender loaded successfully!
22/08/11 09:00:05 INFO OracleAlgo: Job Setup completed.
** Training model in OracleAlgo **
22/08/11 09:00:05 INFO TextDataConvertor: Dataset: [exp00006/result/out-3.txt]
22/08/11 09:00:05 INFO TextDataConvertor: DataSet: exp00006/result/out-3.txt is finished
22/08/11 09:00:05 INFO TextDataConvertor: user number: 4005,	 item number is: 2673
22/08/11 09:00:05 INFO OracleAlgo: Job Train completed.
22/08/11 09:00:05 INFO OracleAlgo: begin recommend
22/08/11 09:00:06 INFO OracleAlgo: end recommend
22/08/11 09:00:06 INFO RecommenderJob: Evaluator info:NormalizedDCGEvaluator is 0.05708772238690118
22/08/11 09:00:06 INFO RecommenderJob: Evaluator info:PStatisticalParityEvaluator is -0.7700425958406947
