22/08/05 22:34:41 INFO TextDataConvertor: Dataset: [data/rating_5000_cls_hc_10core_iterative.csv]
22/08/05 22:34:45 INFO TextDataConvertor: DataSet: ...ng_5000_cls_hc_10core_iterative.csv is finished
22/08/05 22:34:45 INFO TextDataConvertor: rating Scale (real): 3.0 to 5.0
22/08/05 22:34:45 INFO TextDataConvertor: user number: 4005,	 item number is: 2673
22/08/05 22:34:45 INFO TextDataModel: Transform data to Convertor successfully!
22/08/05 22:34:49 INFO TextDataModel: Split data to train Set and test Set successfully!
22/08/05 22:34:51 INFO TextDataModel: Feature appender loaded successfully!
22/08/05 22:34:51 INFO TextDataConvertor: Dataset: [data/split/cv_1/train.txt]
22/08/05 22:34:52 INFO TextDataConvertor: DataSet: data/split/cv_1/train.txt is finished
22/08/05 22:34:52 INFO TextDataConvertor: rating Scale (real): 3.0 to 5.0
22/08/05 22:34:52 INFO TextDataConvertor: user number: 4005,	 item number is: 2673
22/08/05 22:34:52 INFO TextDataModel: Transform data to Convertor successfully!
22/08/05 22:34:52 INFO TextDataConvertor: Dataset: [data/split/cv_1/test.txt]
22/08/05 22:34:53 INFO TextDataConvertor: DataSet: data/split/cv_1/test.txt is finished
22/08/05 22:34:53 INFO TextDataConvertor: rating Scale (real): 3.0 to 5.0
22/08/05 22:34:53 INFO TextDataConvertor: user number: 4005,	 item number is: 2673
22/08/05 22:34:53 INFO TextDataModel: Split data to train Set and test Set successfully!
22/08/05 22:34:53 INFO TextDataModel: Data cardinality of training is 73580
22/08/05 22:34:53 INFO TextDataModel: Data cardinality of testing is 36791
22/08/05 22:34:54 INFO TextDataModel: Feature appender loaded successfully!
22/08/05 22:34:54 INFO OracleAlgo: Job Setup completed.
** Training model in OracleAlgo **
22/08/05 22:34:54 INFO TextDataConvertor: Dataset: [exp00012/result/out-1.txt]
22/08/05 22:34:55 INFO TextDataConvertor: DataSet: exp00012/result/out-1.txt is finished
22/08/05 22:34:55 INFO TextDataConvertor: user number: 4005,	 item number is: 2673
22/08/05 22:34:55 INFO OracleAlgo: Job Train completed.
22/08/05 22:34:55 INFO OracleAlgo: begin recommend
22/08/05 22:34:59 INFO OracleAlgo: end recommend
22/08/05 22:34:59 INFO RecommenderJob: Evaluator info:NormalizedDCGEvaluator is 0.03461141935792415
22/08/05 22:34:59 INFO RecommenderJob: Evaluator info:PStatisticalParityEvaluator is -0.7268906720160957
22/08/05 22:34:59 INFO TextDataConvertor: Dataset: [data/split/cv_2/train.txt]
22/08/05 22:35:00 INFO TextDataConvertor: DataSet: data/split/cv_2/train.txt is finished
22/08/05 22:35:00 INFO TextDataConvertor: rating Scale (real): 3.0 to 5.0
22/08/05 22:35:00 INFO TextDataConvertor: user number: 4005,	 item number is: 2673
22/08/05 22:35:00 INFO TextDataModel: Transform data to Convertor successfully!
22/08/05 22:35:00 INFO TextDataConvertor: Dataset: [data/split/cv_2/test.txt]
22/08/05 22:35:00 INFO TextDataConvertor: DataSet: data/split/cv_2/test.txt is finished
22/08/05 22:35:00 INFO TextDataConvertor: rating Scale (real): 3.0 to 5.0
22/08/05 22:35:01 INFO TextDataConvertor: user number: 4005,	 item number is: 2673
22/08/05 22:35:01 INFO TextDataModel: Split data to train Set and test Set successfully!
22/08/05 22:35:01 INFO TextDataModel: Data cardinality of training is 73581
22/08/05 22:35:01 INFO TextDataModel: Data cardinality of testing is 36790
22/08/05 22:35:02 INFO TextDataModel: Feature appender loaded successfully!
22/08/05 22:35:02 INFO OracleAlgo: Job Setup completed.
** Training model in OracleAlgo **
22/08/05 22:35:02 INFO TextDataConvertor: Dataset: [exp00012/result/out-2.txt]
22/08/05 22:35:03 INFO TextDataConvertor: DataSet: exp00012/result/out-2.txt is finished
22/08/05 22:35:03 INFO TextDataConvertor: user number: 4005,	 item number is: 2673
22/08/05 22:35:03 INFO OracleAlgo: Job Train completed.
22/08/05 22:35:03 INFO OracleAlgo: begin recommend
22/08/05 22:35:05 INFO OracleAlgo: end recommend
22/08/05 22:35:06 INFO RecommenderJob: Evaluator info:NormalizedDCGEvaluator is 0.036132869955568137
22/08/05 22:35:06 INFO RecommenderJob: Evaluator info:PStatisticalParityEvaluator is -0.7331224899598914
22/08/05 22:35:06 INFO TextDataConvertor: Dataset: [data/split/cv_3/train.txt]
22/08/05 22:35:06 INFO TextDataConvertor: DataSet: data/split/cv_3/train.txt is finished
22/08/05 22:35:06 INFO TextDataConvertor: rating Scale (real): 3.0 to 5.0
22/08/05 22:35:06 INFO TextDataConvertor: user number: 4005,	 item number is: 2673
22/08/05 22:35:06 INFO TextDataModel: Transform data to Convertor successfully!
22/08/05 22:35:06 INFO TextDataConvertor: Dataset: [data/split/cv_3/test.txt]
22/08/05 22:35:07 INFO TextDataConvertor: DataSet: data/split/cv_3/test.txt is finished
22/08/05 22:35:07 INFO TextDataConvertor: rating Scale (real): 3.0 to 5.0
22/08/05 22:35:07 INFO TextDataConvertor: user number: 4005,	 item number is: 2673
22/08/05 22:35:07 INFO TextDataModel: Split data to train Set and test Set successfully!
22/08/05 22:35:07 INFO TextDataModel: Data cardinality of training is 73581
22/08/05 22:35:07 INFO TextDataModel: Data cardinality of testing is 36790
22/08/05 22:35:08 INFO TextDataModel: Feature appender loaded successfully!
22/08/05 22:35:08 INFO OracleAlgo: Job Setup completed.
** Training model in OracleAlgo **
22/08/05 22:35:08 INFO TextDataConvertor: Dataset: [exp00012/result/out-3.txt]
22/08/05 22:35:09 INFO TextDataConvertor: DataSet: exp00012/result/out-3.txt is finished
22/08/05 22:35:09 INFO TextDataConvertor: user number: 4005,	 item number is: 2673
22/08/05 22:35:09 INFO OracleAlgo: Job Train completed.
22/08/05 22:35:09 INFO OracleAlgo: begin recommend
22/08/05 22:35:11 INFO OracleAlgo: end recommend
22/08/05 22:35:11 INFO RecommenderJob: Evaluator info:NormalizedDCGEvaluator is 0.035614788857135614
22/08/05 22:35:12 INFO RecommenderJob: Evaluator info:PStatisticalParityEvaluator is -0.7387421698822909
