22/08/05 22:40:46 INFO TextDataConvertor: Dataset: [data/rating_5000_cls_hc_10core_iterative.csv]
22/08/05 22:40:50 INFO TextDataConvertor: DataSet: ...ng_5000_cls_hc_10core_iterative.csv is finished
22/08/05 22:40:50 INFO TextDataConvertor: rating Scale (real): 3.0 to 5.0
22/08/05 22:40:50 INFO TextDataConvertor: user number: 4005,	 item number is: 2673
22/08/05 22:40:50 INFO TextDataModel: Transform data to Convertor successfully!
22/08/05 22:40:55 INFO TextDataModel: Split data to train Set and test Set successfully!
22/08/05 22:40:57 INFO TextDataModel: Feature appender loaded successfully!
22/08/05 22:40:57 INFO TextDataConvertor: Dataset: [data/split/cv_1/train.txt]
22/08/05 22:40:57 INFO TextDataConvertor: DataSet: data/split/cv_1/train.txt is finished
22/08/05 22:40:58 INFO TextDataConvertor: rating Scale (real): 3.0 to 5.0
22/08/05 22:40:58 INFO TextDataConvertor: user number: 4005,	 item number is: 2673
22/08/05 22:40:58 INFO TextDataModel: Transform data to Convertor successfully!
22/08/05 22:40:58 INFO TextDataConvertor: Dataset: [data/split/cv_1/test.txt]
22/08/05 22:40:58 INFO TextDataConvertor: DataSet: data/split/cv_1/test.txt is finished
22/08/05 22:40:58 INFO TextDataConvertor: rating Scale (real): 3.0 to 5.0
22/08/05 22:40:58 INFO TextDataConvertor: user number: 4005,	 item number is: 2673
22/08/05 22:40:59 INFO TextDataModel: Split data to train Set and test Set successfully!
22/08/05 22:40:59 INFO TextDataModel: Data cardinality of training is 73580
22/08/05 22:40:59 INFO TextDataModel: Data cardinality of testing is 36791
22/08/05 22:41:00 INFO TextDataModel: Feature appender loaded successfully!
22/08/05 22:41:00 INFO OracleAlgo: Job Setup completed.
** Training model in OracleAlgo **
22/08/05 22:41:00 INFO TextDataConvertor: Dataset: [exp00023/result/out-1.txt]
22/08/05 22:41:00 INFO TextDataConvertor: DataSet: exp00023/result/out-1.txt is finished
22/08/05 22:41:00 INFO TextDataConvertor: user number: 4005,	 item number is: 2673
22/08/05 22:41:01 INFO OracleAlgo: Job Train completed.
22/08/05 22:41:01 INFO OracleAlgo: begin recommend
22/08/05 22:41:04 INFO OracleAlgo: end recommend
22/08/05 22:41:04 INFO RecommenderJob: Evaluator info:NormalizedDCGEvaluator is 0.03325199037616549
22/08/05 22:41:04 INFO RecommenderJob: Evaluator info:PStatisticalParityEvaluator is -0.7490972918756779
22/08/05 22:41:04 INFO TextDataConvertor: Dataset: [data/split/cv_2/train.txt]
22/08/05 22:41:05 INFO TextDataConvertor: DataSet: data/split/cv_2/train.txt is finished
22/08/05 22:41:05 INFO TextDataConvertor: rating Scale (real): 3.0 to 5.0
22/08/05 22:41:05 INFO TextDataConvertor: user number: 4005,	 item number is: 2673
22/08/05 22:41:05 INFO TextDataModel: Transform data to Convertor successfully!
22/08/05 22:41:05 INFO TextDataConvertor: Dataset: [data/split/cv_2/test.txt]
22/08/05 22:41:06 INFO TextDataConvertor: DataSet: data/split/cv_2/test.txt is finished
22/08/05 22:41:06 INFO TextDataConvertor: rating Scale (real): 3.0 to 5.0
22/08/05 22:41:06 INFO TextDataConvertor: user number: 4005,	 item number is: 2673
22/08/05 22:41:06 INFO TextDataModel: Split data to train Set and test Set successfully!
22/08/05 22:41:06 INFO TextDataModel: Data cardinality of training is 73581
22/08/05 22:41:06 INFO TextDataModel: Data cardinality of testing is 36790
22/08/05 22:41:07 INFO TextDataModel: Feature appender loaded successfully!
22/08/05 22:41:07 INFO OracleAlgo: Job Setup completed.
** Training model in OracleAlgo **
22/08/05 22:41:07 INFO TextDataConvertor: Dataset: [exp00023/result/out-2.txt]
22/08/05 22:41:08 INFO TextDataConvertor: DataSet: exp00023/result/out-2.txt is finished
22/08/05 22:41:08 INFO TextDataConvertor: user number: 4005,	 item number is: 2673
22/08/05 22:41:08 INFO OracleAlgo: Job Train completed.
22/08/05 22:41:08 INFO OracleAlgo: begin recommend
22/08/05 22:41:11 INFO OracleAlgo: end recommend
22/08/05 22:41:11 INFO RecommenderJob: Evaluator info:NormalizedDCGEvaluator is 0.0355450664826175
22/08/05 22:41:11 INFO RecommenderJob: Evaluator info:PStatisticalParityEvaluator is -0.7443072289157174
22/08/05 22:41:11 INFO TextDataConvertor: Dataset: [data/split/cv_3/train.txt]
22/08/05 22:41:12 INFO TextDataConvertor: DataSet: data/split/cv_3/train.txt is finished
22/08/05 22:41:12 INFO TextDataConvertor: rating Scale (real): 3.0 to 5.0
22/08/05 22:41:12 INFO TextDataConvertor: user number: 4005,	 item number is: 2673
22/08/05 22:41:12 INFO TextDataModel: Transform data to Convertor successfully!
22/08/05 22:41:12 INFO TextDataConvertor: Dataset: [data/split/cv_3/test.txt]
22/08/05 22:41:12 INFO TextDataConvertor: DataSet: data/split/cv_3/test.txt is finished
22/08/05 22:41:12 INFO TextDataConvertor: rating Scale (real): 3.0 to 5.0
22/08/05 22:41:12 INFO TextDataConvertor: user number: 4005,	 item number is: 2673
22/08/05 22:41:13 INFO TextDataModel: Split data to train Set and test Set successfully!
22/08/05 22:41:13 INFO TextDataModel: Data cardinality of training is 73581
22/08/05 22:41:13 INFO TextDataModel: Data cardinality of testing is 36790
22/08/05 22:41:13 INFO TextDataModel: Feature appender loaded successfully!
22/08/05 22:41:13 INFO OracleAlgo: Job Setup completed.
** Training model in OracleAlgo **
22/08/05 22:41:13 INFO TextDataConvertor: Dataset: [exp00023/result/out-3.txt]
22/08/05 22:41:13 INFO TextDataConvertor: DataSet: exp00023/result/out-3.txt is finished
22/08/05 22:41:13 INFO TextDataConvertor: user number: 4005,	 item number is: 2673
22/08/05 22:41:14 INFO OracleAlgo: Job Train completed.
22/08/05 22:41:14 INFO OracleAlgo: begin recommend
22/08/05 22:41:16 INFO OracleAlgo: end recommend
22/08/05 22:41:16 INFO RecommenderJob: Evaluator info:NormalizedDCGEvaluator is 0.032902240676127945
22/08/05 22:41:16 INFO RecommenderJob: Evaluator info:PStatisticalParityEvaluator is -0.7554798296166917
