22/08/11 09:00:07 INFO TextDataConvertor: Dataset: [data/rating_5000_cls_hc_10core_iterative.csv]
22/08/11 09:00:09 INFO TextDataConvertor: DataSet: ...ng_5000_cls_hc_10core_iterative.csv is finished
22/08/11 09:00:09 INFO TextDataConvertor: rating Scale (real): 3.0 to 5.0
22/08/11 09:00:09 INFO TextDataConvertor: user number: 4005,	 item number is: 2673
22/08/11 09:00:09 INFO TextDataModel: Transform data to Convertor successfully!
22/08/11 09:00:10 INFO TextDataModel: Split data to train Set and test Set successfully!
22/08/11 09:00:11 INFO TextDataModel: Feature appender loaded successfully!
22/08/11 09:00:11 INFO TextDataConvertor: Dataset: [data/split/cv_1/train.txt]
22/08/11 09:00:11 INFO TextDataConvertor: DataSet: data/split/cv_1/train.txt is finished
22/08/11 09:00:11 INFO TextDataConvertor: rating Scale (real): 3.0 to 5.0
22/08/11 09:00:11 INFO TextDataConvertor: user number: 4005,	 item number is: 2673
22/08/11 09:00:11 INFO TextDataModel: Transform data to Convertor successfully!
22/08/11 09:00:11 INFO TextDataConvertor: Dataset: [data/split/cv_1/test.txt]
22/08/11 09:00:12 INFO TextDataConvertor: DataSet: data/split/cv_1/test.txt is finished
22/08/11 09:00:12 INFO TextDataConvertor: rating Scale (real): 3.0 to 5.0
22/08/11 09:00:12 INFO TextDataConvertor: user number: 4005,	 item number is: 2673
22/08/11 09:00:12 INFO TextDataModel: Split data to train Set and test Set successfully!
22/08/11 09:00:12 INFO TextDataModel: Data cardinality of training is 73580
22/08/11 09:00:12 INFO TextDataModel: Data cardinality of testing is 36791
22/08/11 09:00:12 INFO TextDataModel: Feature appender loaded successfully!
22/08/11 09:00:12 INFO OracleAlgo: Job Setup completed.
** Training model in OracleAlgo **
22/08/11 09:00:12 INFO TextDataConvertor: Dataset: [exp00007/result/out-1.txt]
22/08/11 09:00:13 INFO TextDataConvertor: DataSet: exp00007/result/out-1.txt is finished
22/08/11 09:00:13 INFO TextDataConvertor: user number: 4005,	 item number is: 2673
22/08/11 09:00:13 INFO OracleAlgo: Job Train completed.
22/08/11 09:00:13 INFO OracleAlgo: begin recommend
22/08/11 09:00:14 INFO OracleAlgo: end recommend
22/08/11 09:00:15 INFO RecommenderJob: Evaluator info:NormalizedDCGEvaluator is 0.0668592611841725
22/08/11 09:00:15 INFO RecommenderJob: Evaluator info:PStatisticalParityEvaluator is -0.7511835506520046
22/08/11 09:00:15 INFO TextDataConvertor: Dataset: [data/split/cv_2/train.txt]
22/08/11 09:00:15 INFO TextDataConvertor: DataSet: data/split/cv_2/train.txt is finished
22/08/11 09:00:15 INFO TextDataConvertor: rating Scale (real): 3.0 to 5.0
22/08/11 09:00:15 INFO TextDataConvertor: user number: 4005,	 item number is: 2673
22/08/11 09:00:15 INFO TextDataModel: Transform data to Convertor successfully!
22/08/11 09:00:15 INFO TextDataConvertor: Dataset: [data/split/cv_2/test.txt]
22/08/11 09:00:15 INFO TextDataConvertor: DataSet: data/split/cv_2/test.txt is finished
22/08/11 09:00:15 INFO TextDataConvertor: rating Scale (real): 3.0 to 5.0
22/08/11 09:00:15 INFO TextDataConvertor: user number: 4005,	 item number is: 2673
22/08/11 09:00:16 INFO TextDataModel: Split data to train Set and test Set successfully!
22/08/11 09:00:16 INFO TextDataModel: Data cardinality of training is 73581
22/08/11 09:00:16 INFO TextDataModel: Data cardinality of testing is 36790
22/08/11 09:00:16 INFO TextDataModel: Feature appender loaded successfully!
22/08/11 09:00:16 INFO OracleAlgo: Job Setup completed.
** Training model in OracleAlgo **
22/08/11 09:00:16 INFO TextDataConvertor: Dataset: [exp00007/result/out-2.txt]
22/08/11 09:00:16 INFO TextDataConvertor: DataSet: exp00007/result/out-2.txt is finished
22/08/11 09:00:16 INFO TextDataConvertor: user number: 4005,	 item number is: 2673
22/08/11 09:00:16 INFO OracleAlgo: Job Train completed.
22/08/11 09:00:16 INFO OracleAlgo: begin recommend
22/08/11 09:00:17 INFO OracleAlgo: end recommend
22/08/11 09:00:17 INFO RecommenderJob: Evaluator info:NormalizedDCGEvaluator is 0.06171730755659814
22/08/11 09:00:17 INFO RecommenderJob: Evaluator info:PStatisticalParityEvaluator is -0.7628012048193293
22/08/11 09:00:17 INFO TextDataConvertor: Dataset: [data/split/cv_3/train.txt]
22/08/11 09:00:18 INFO TextDataConvertor: DataSet: data/split/cv_3/train.txt is finished
22/08/11 09:00:18 INFO TextDataConvertor: rating Scale (real): 3.0 to 5.0
22/08/11 09:00:18 INFO TextDataConvertor: user number: 4005,	 item number is: 2673
22/08/11 09:00:18 INFO TextDataModel: Transform data to Convertor successfully!
22/08/11 09:00:18 INFO TextDataConvertor: Dataset: [data/split/cv_3/test.txt]
22/08/11 09:00:18 INFO TextDataConvertor: DataSet: data/split/cv_3/test.txt is finished
22/08/11 09:00:18 INFO TextDataConvertor: rating Scale (real): 3.0 to 5.0
22/08/11 09:00:18 INFO TextDataConvertor: user number: 4005,	 item number is: 2673
22/08/11 09:00:18 INFO TextDataModel: Split data to train Set and test Set successfully!
22/08/11 09:00:18 INFO TextDataModel: Data cardinality of training is 73581
22/08/11 09:00:18 INFO TextDataModel: Data cardinality of testing is 36790
22/08/11 09:00:18 INFO TextDataModel: Feature appender loaded successfully!
22/08/11 09:00:18 INFO OracleAlgo: Job Setup completed.
** Training model in OracleAlgo **
22/08/11 09:00:18 INFO TextDataConvertor: Dataset: [exp00007/result/out-3.txt]
22/08/11 09:00:19 INFO TextDataConvertor: DataSet: exp00007/result/out-3.txt is finished
22/08/11 09:00:19 INFO TextDataConvertor: user number: 4005,	 item number is: 2673
22/08/11 09:00:19 INFO OracleAlgo: Job Train completed.
22/08/11 09:00:19 INFO OracleAlgo: begin recommend
22/08/11 09:00:20 INFO OracleAlgo: end recommend
22/08/11 09:00:20 INFO RecommenderJob: Evaluator info:NormalizedDCGEvaluator is 0.05704713486017244
22/08/11 09:00:20 INFO RecommenderJob: Evaluator info:PStatisticalParityEvaluator is -0.7702129792032606
