22/08/11 08:58:33 INFO TextDataConvertor: Dataset: [data/rating_5000_cls_hc_10core_iterative.csv]
22/08/11 08:58:34 INFO TextDataConvertor: DataSet: ...ng_5000_cls_hc_10core_iterative.csv is finished
22/08/11 08:58:34 INFO TextDataConvertor: rating Scale (real): 3.0 to 5.0
22/08/11 08:58:34 INFO TextDataConvertor: user number: 4005,	 item number is: 2673
22/08/11 08:58:34 INFO TextDataModel: Transform data to Convertor successfully!
22/08/11 08:58:36 INFO TextDataModel: Split data to train Set and test Set successfully!
22/08/11 08:58:36 INFO TextDataModel: Feature appender loaded successfully!
22/08/11 08:58:36 INFO TextDataConvertor: Dataset: [data/split/cv_1/train.txt]
22/08/11 08:58:36 INFO TextDataConvertor: DataSet: data/split/cv_1/train.txt is finished
22/08/11 08:58:36 INFO TextDataConvertor: rating Scale (real): 3.0 to 5.0
22/08/11 08:58:36 INFO TextDataConvertor: user number: 4005,	 item number is: 2673
22/08/11 08:58:36 INFO TextDataModel: Transform data to Convertor successfully!
22/08/11 08:58:36 INFO TextDataConvertor: Dataset: [data/split/cv_1/test.txt]
22/08/11 08:58:37 INFO TextDataConvertor: DataSet: data/split/cv_1/test.txt is finished
22/08/11 08:58:37 INFO TextDataConvertor: rating Scale (real): 3.0 to 5.0
22/08/11 08:58:37 INFO TextDataConvertor: user number: 4005,	 item number is: 2673
22/08/11 08:58:37 INFO TextDataModel: Split data to train Set and test Set successfully!
22/08/11 08:58:37 INFO TextDataModel: Data cardinality of training is 73580
22/08/11 08:58:37 INFO TextDataModel: Data cardinality of testing is 36791
22/08/11 08:58:37 INFO TextDataModel: Feature appender loaded successfully!
22/08/11 08:58:38 INFO OracleAlgo: Job Setup completed.
** Training model in OracleAlgo **
22/08/11 08:58:38 INFO TextDataConvertor: Dataset: [exp00000/result/out-1.txt]
22/08/11 08:58:38 INFO TextDataConvertor: DataSet: exp00000/result/out-1.txt is finished
22/08/11 08:58:38 INFO TextDataConvertor: user number: 4005,	 item number is: 2673
22/08/11 08:58:38 INFO OracleAlgo: Job Train completed.
22/08/11 08:58:38 INFO OracleAlgo: begin recommend
22/08/11 08:58:40 INFO OracleAlgo: end recommend
22/08/11 08:58:40 INFO RecommenderJob: Evaluator info:NormalizedDCGEvaluator is 0.06856870968950428
22/08/11 08:58:40 INFO RecommenderJob: Evaluator info:PStatisticalParityEvaluator is -0.7805416248746321
22/08/11 08:58:40 INFO TextDataConvertor: Dataset: [data/split/cv_2/train.txt]
22/08/11 08:58:40 INFO TextDataConvertor: DataSet: data/split/cv_2/train.txt is finished
22/08/11 08:58:40 INFO TextDataConvertor: rating Scale (real): 3.0 to 5.0
22/08/11 08:58:40 INFO TextDataConvertor: user number: 4005,	 item number is: 2673
22/08/11 08:58:40 INFO TextDataModel: Transform data to Convertor successfully!
22/08/11 08:58:40 INFO TextDataConvertor: Dataset: [data/split/cv_2/test.txt]
22/08/11 08:58:40 INFO TextDataConvertor: DataSet: data/split/cv_2/test.txt is finished
22/08/11 08:58:40 INFO TextDataConvertor: rating Scale (real): 3.0 to 5.0
22/08/11 08:58:40 INFO TextDataConvertor: user number: 4005,	 item number is: 2673
22/08/11 08:58:40 INFO TextDataModel: Split data to train Set and test Set successfully!
22/08/11 08:58:40 INFO TextDataModel: Data cardinality of training is 73581
22/08/11 08:58:40 INFO TextDataModel: Data cardinality of testing is 36790
22/08/11 08:58:41 INFO TextDataModel: Feature appender loaded successfully!
22/08/11 08:58:41 INFO OracleAlgo: Job Setup completed.
** Training model in OracleAlgo **
22/08/11 08:58:41 INFO TextDataConvertor: Dataset: [exp00000/result/out-2.txt]
22/08/11 08:58:41 INFO TextDataConvertor: DataSet: exp00000/result/out-2.txt is finished
22/08/11 08:58:41 INFO TextDataConvertor: user number: 4005,	 item number is: 2673
22/08/11 08:58:41 INFO OracleAlgo: Job Train completed.
22/08/11 08:58:41 INFO OracleAlgo: begin recommend
22/08/11 08:58:42 INFO OracleAlgo: end recommend
22/08/11 08:58:42 INFO RecommenderJob: Evaluator info:NormalizedDCGEvaluator is 0.06229118523349431
22/08/11 08:58:42 INFO RecommenderJob: Evaluator info:PStatisticalParityEvaluator is -0.8559738955823392
22/08/11 08:58:42 INFO TextDataConvertor: Dataset: [data/split/cv_3/train.txt]
22/08/11 08:58:43 INFO TextDataConvertor: DataSet: data/split/cv_3/train.txt is finished
22/08/11 08:58:43 INFO TextDataConvertor: rating Scale (real): 3.0 to 5.0
22/08/11 08:58:43 INFO TextDataConvertor: user number: 4005,	 item number is: 2673
22/08/11 08:58:43 INFO TextDataModel: Transform data to Convertor successfully!
22/08/11 08:58:43 INFO TextDataConvertor: Dataset: [data/split/cv_3/test.txt]
22/08/11 08:58:43 INFO TextDataConvertor: DataSet: data/split/cv_3/test.txt is finished
22/08/11 08:58:43 INFO TextDataConvertor: rating Scale (real): 3.0 to 5.0
22/08/11 08:58:43 INFO TextDataConvertor: user number: 4005,	 item number is: 2673
22/08/11 08:58:43 INFO TextDataModel: Split data to train Set and test Set successfully!
22/08/11 08:58:43 INFO TextDataModel: Data cardinality of training is 73581
22/08/11 08:58:43 INFO TextDataModel: Data cardinality of testing is 36790
22/08/11 08:58:43 INFO TextDataModel: Feature appender loaded successfully!
22/08/11 08:58:44 INFO OracleAlgo: Job Setup completed.
** Training model in OracleAlgo **
22/08/11 08:58:44 INFO TextDataConvertor: Dataset: [exp00000/result/out-3.txt]
22/08/11 08:58:44 INFO TextDataConvertor: DataSet: exp00000/result/out-3.txt is finished
22/08/11 08:58:44 INFO TextDataConvertor: user number: 4005,	 item number is: 2673
22/08/11 08:58:44 INFO OracleAlgo: Job Train completed.
22/08/11 08:58:44 INFO OracleAlgo: begin recommend
22/08/11 08:58:45 INFO OracleAlgo: end recommend
22/08/11 08:58:45 INFO RecommenderJob: Evaluator info:NormalizedDCGEvaluator is 0.05539497735694077
22/08/11 08:58:45 INFO RecommenderJob: Evaluator info:PStatisticalParityEvaluator is -0.8953645702831469
