22/08/11 08:59:27 INFO TextDataConvertor: Dataset: [data/rating_5000_cls_hc_10core_iterative.csv]
22/08/11 08:59:28 INFO TextDataConvertor: DataSet: ...ng_5000_cls_hc_10core_iterative.csv is finished
22/08/11 08:59:28 INFO TextDataConvertor: rating Scale (real): 3.0 to 5.0
22/08/11 08:59:28 INFO TextDataConvertor: user number: 4005,	 item number is: 2673
22/08/11 08:59:28 INFO TextDataModel: Transform data to Convertor successfully!
22/08/11 08:59:30 INFO TextDataModel: Split data to train Set and test Set successfully!
22/08/11 08:59:30 INFO TextDataModel: Feature appender loaded successfully!
22/08/11 08:59:30 INFO TextDataConvertor: Dataset: [data/split/cv_1/train.txt]
22/08/11 08:59:31 INFO TextDataConvertor: DataSet: data/split/cv_1/train.txt is finished
22/08/11 08:59:31 INFO TextDataConvertor: rating Scale (real): 3.0 to 5.0
22/08/11 08:59:31 INFO TextDataConvertor: user number: 4005,	 item number is: 2673
22/08/11 08:59:31 INFO TextDataModel: Transform data to Convertor successfully!
22/08/11 08:59:31 INFO TextDataConvertor: Dataset: [data/split/cv_1/test.txt]
22/08/11 08:59:31 INFO TextDataConvertor: DataSet: data/split/cv_1/test.txt is finished
22/08/11 08:59:31 INFO TextDataConvertor: rating Scale (real): 3.0 to 5.0
22/08/11 08:59:31 INFO TextDataConvertor: user number: 4005,	 item number is: 2673
22/08/11 08:59:32 INFO TextDataModel: Split data to train Set and test Set successfully!
22/08/11 08:59:32 INFO TextDataModel: Data cardinality of training is 73580
22/08/11 08:59:32 INFO TextDataModel: Data cardinality of testing is 36791
22/08/11 08:59:32 INFO TextDataModel: Feature appender loaded successfully!
22/08/11 08:59:32 INFO OracleAlgo: Job Setup completed.
** Training model in OracleAlgo **
22/08/11 08:59:32 INFO TextDataConvertor: Dataset: [exp00004/result/out-1.txt]
22/08/11 08:59:32 INFO TextDataConvertor: DataSet: exp00004/result/out-1.txt is finished
22/08/11 08:59:32 INFO TextDataConvertor: user number: 4005,	 item number is: 2673
22/08/11 08:59:32 INFO OracleAlgo: Job Train completed.
22/08/11 08:59:32 INFO OracleAlgo: begin recommend
22/08/11 08:59:34 INFO OracleAlgo: end recommend
22/08/11 08:59:34 INFO RecommenderJob: Evaluator info:NormalizedDCGEvaluator is 0.06705267407591006
22/08/11 08:59:34 INFO RecommenderJob: Evaluator info:PStatisticalParityEvaluator is -0.7495586760281329
22/08/11 08:59:34 INFO TextDataConvertor: Dataset: [data/split/cv_2/train.txt]
22/08/11 08:59:35 INFO TextDataConvertor: DataSet: data/split/cv_2/train.txt is finished
22/08/11 08:59:35 INFO TextDataConvertor: rating Scale (real): 3.0 to 5.0
22/08/11 08:59:35 INFO TextDataConvertor: user number: 4005,	 item number is: 2673
22/08/11 08:59:35 INFO TextDataModel: Transform data to Convertor successfully!
22/08/11 08:59:35 INFO TextDataConvertor: Dataset: [data/split/cv_2/test.txt]
22/08/11 08:59:35 INFO TextDataConvertor: DataSet: data/split/cv_2/test.txt is finished
22/08/11 08:59:35 INFO TextDataConvertor: rating Scale (real): 3.0 to 5.0
22/08/11 08:59:35 INFO TextDataConvertor: user number: 4005,	 item number is: 2673
22/08/11 08:59:35 INFO TextDataModel: Split data to train Set and test Set successfully!
22/08/11 08:59:35 INFO TextDataModel: Data cardinality of training is 73581
22/08/11 08:59:35 INFO TextDataModel: Data cardinality of testing is 36790
22/08/11 08:59:35 INFO TextDataModel: Feature appender loaded successfully!
22/08/11 08:59:35 INFO OracleAlgo: Job Setup completed.
** Training model in OracleAlgo **
22/08/11 08:59:35 INFO TextDataConvertor: Dataset: [exp00004/result/out-2.txt]
22/08/11 08:59:36 INFO TextDataConvertor: DataSet: exp00004/result/out-2.txt is finished
22/08/11 08:59:36 INFO TextDataConvertor: user number: 4005,	 item number is: 2673
22/08/11 08:59:36 INFO OracleAlgo: Job Train completed.
22/08/11 08:59:36 INFO OracleAlgo: begin recommend
22/08/11 08:59:37 INFO OracleAlgo: end recommend
22/08/11 08:59:37 INFO RecommenderJob: Evaluator info:NormalizedDCGEvaluator is 0.06172171597577089
22/08/11 08:59:37 INFO RecommenderJob: Evaluator info:PStatisticalParityEvaluator is -0.7621485943775619
22/08/11 08:59:37 INFO TextDataConvertor: Dataset: [data/split/cv_3/train.txt]
22/08/11 08:59:37 INFO TextDataConvertor: DataSet: data/split/cv_3/train.txt is finished
22/08/11 08:59:37 INFO TextDataConvertor: rating Scale (real): 3.0 to 5.0
22/08/11 08:59:37 INFO TextDataConvertor: user number: 4005,	 item number is: 2673
22/08/11 08:59:37 INFO TextDataModel: Transform data to Convertor successfully!
22/08/11 08:59:37 INFO TextDataConvertor: Dataset: [data/split/cv_3/test.txt]
22/08/11 08:59:37 INFO TextDataConvertor: DataSet: data/split/cv_3/test.txt is finished
22/08/11 08:59:37 INFO TextDataConvertor: rating Scale (real): 3.0 to 5.0
22/08/11 08:59:37 INFO TextDataConvertor: user number: 4005,	 item number is: 2673
22/08/11 08:59:38 INFO TextDataModel: Split data to train Set and test Set successfully!
22/08/11 08:59:38 INFO TextDataModel: Data cardinality of training is 73581
22/08/11 08:59:38 INFO TextDataModel: Data cardinality of testing is 36790
22/08/11 08:59:38 INFO TextDataModel: Feature appender loaded successfully!
22/08/11 08:59:38 INFO OracleAlgo: Job Setup completed.
** Training model in OracleAlgo **
22/08/11 08:59:38 INFO TextDataConvertor: Dataset: [exp00004/result/out-3.txt]
22/08/11 08:59:38 INFO TextDataConvertor: DataSet: exp00004/result/out-3.txt is finished
22/08/11 08:59:38 INFO TextDataConvertor: user number: 4005,	 item number is: 2673
22/08/11 08:59:38 INFO OracleAlgo: Job Train completed.
22/08/11 08:59:38 INFO OracleAlgo: begin recommend
22/08/11 08:59:39 INFO OracleAlgo: end recommend
22/08/11 08:59:39 INFO RecommenderJob: Evaluator info:NormalizedDCGEvaluator is 0.057184973303087805
22/08/11 08:59:39 INFO RecommenderJob: Evaluator info:PStatisticalParityEvaluator is -0.7696216487096499
