22/08/09 05:49:16 INFO TextDataConvertor: Dataset: [data/rating_5000_cls_hc_10core_iterative.csv]
22/08/09 05:49:16 INFO TextDataConvertor: DataSet: ...ng_5000_cls_hc_10core_iterative.csv is finished
22/08/09 05:49:16 INFO TextDataConvertor: rating Scale (real): 3.0 to 5.0
22/08/09 05:49:16 INFO TextDataConvertor: user number: 4005,	 item number is: 2673
22/08/09 05:49:16 INFO TextDataModel: Transform data to Convertor successfully!
22/08/09 05:49:18 INFO TextDataModel: Split data to train Set and test Set successfully!
22/08/09 05:49:18 INFO TextDataModel: Feature appender loaded successfully!
22/08/09 05:49:18 INFO TextDataConvertor: Dataset: [data/split/cv_1/train.txt]
22/08/09 05:49:19 INFO TextDataConvertor: DataSet: data/split/cv_1/train.txt is finished
22/08/09 05:49:19 INFO TextDataConvertor: rating Scale (real): 3.0 to 5.0
22/08/09 05:49:19 INFO TextDataConvertor: user number: 4005,	 item number is: 2673
22/08/09 05:49:19 INFO TextDataModel: Transform data to Convertor successfully!
22/08/09 05:49:19 INFO TextDataConvertor: Dataset: [data/split/cv_1/test.txt]
22/08/09 05:49:19 INFO TextDataConvertor: DataSet: data/split/cv_1/test.txt is finished
22/08/09 05:49:19 INFO TextDataConvertor: rating Scale (real): 3.0 to 5.0
22/08/09 05:49:19 INFO TextDataConvertor: user number: 4005,	 item number is: 2673
22/08/09 05:49:19 INFO TextDataModel: Split data to train Set and test Set successfully!
22/08/09 05:49:19 INFO TextDataModel: Data cardinality of training is 73580
22/08/09 05:49:19 INFO TextDataModel: Data cardinality of testing is 36791
22/08/09 05:49:19 INFO TextDataModel: Feature appender loaded successfully!
22/08/09 05:49:19 INFO OracleAlgo: Job Setup completed.
** Training model in OracleAlgo **
22/08/09 05:49:19 INFO TextDataConvertor: Dataset: [exp00005/result/out-1.txt]
22/08/09 05:49:19 INFO TextDataConvertor: DataSet: exp00005/result/out-1.txt is finished
22/08/09 05:49:20 INFO TextDataConvertor: user number: 4005,	 item number is: 2673
22/08/09 05:49:20 INFO OracleAlgo: Job Train completed.
22/08/09 05:49:20 INFO OracleAlgo: begin recommend
22/08/09 05:49:21 INFO OracleAlgo: end recommend
22/08/09 05:49:21 INFO RecommenderJob: Evaluator info:NormalizedDCGEvaluator is 0.03588228932847757
22/08/09 05:49:21 INFO RecommenderJob: Evaluator info:PStatisticalParityEvaluator is -0.7153259779338399
22/08/09 05:49:21 INFO TextDataConvertor: Dataset: [data/split/cv_2/train.txt]
22/08/09 05:49:21 INFO TextDataConvertor: DataSet: data/split/cv_2/train.txt is finished
22/08/09 05:49:21 INFO TextDataConvertor: rating Scale (real): 3.0 to 5.0
22/08/09 05:49:21 INFO TextDataConvertor: user number: 4005,	 item number is: 2673
22/08/09 05:49:21 INFO TextDataModel: Transform data to Convertor successfully!
22/08/09 05:49:21 INFO TextDataConvertor: Dataset: [data/split/cv_2/test.txt]
22/08/09 05:49:21 INFO TextDataConvertor: DataSet: data/split/cv_2/test.txt is finished
22/08/09 05:49:21 INFO TextDataConvertor: rating Scale (real): 3.0 to 5.0
22/08/09 05:49:21 INFO TextDataConvertor: user number: 4005,	 item number is: 2673
22/08/09 05:49:22 INFO TextDataModel: Split data to train Set and test Set successfully!
22/08/09 05:49:22 INFO TextDataModel: Data cardinality of training is 73581
22/08/09 05:49:22 INFO TextDataModel: Data cardinality of testing is 36790
22/08/09 05:49:22 INFO TextDataModel: Feature appender loaded successfully!
22/08/09 05:49:22 INFO OracleAlgo: Job Setup completed.
** Training model in OracleAlgo **
22/08/09 05:49:22 INFO TextDataConvertor: Dataset: [exp00005/result/out-2.txt]
22/08/09 05:49:22 INFO TextDataConvertor: DataSet: exp00005/result/out-2.txt is finished
22/08/09 05:49:22 INFO TextDataConvertor: user number: 4005,	 item number is: 2673
22/08/09 05:49:22 INFO OracleAlgo: Job Train completed.
22/08/09 05:49:22 INFO OracleAlgo: begin recommend
22/08/09 05:49:23 INFO OracleAlgo: end recommend
22/08/09 05:49:23 INFO RecommenderJob: Evaluator info:NormalizedDCGEvaluator is 0.03711140753947615
22/08/09 05:49:23 INFO RecommenderJob: Evaluator info:PStatisticalParityEvaluator is -0.7147389558233319
22/08/09 05:49:23 INFO TextDataConvertor: Dataset: [data/split/cv_3/train.txt]
22/08/09 05:49:23 INFO TextDataConvertor: DataSet: data/split/cv_3/train.txt is finished
22/08/09 05:49:23 INFO TextDataConvertor: rating Scale (real): 3.0 to 5.0
22/08/09 05:49:23 INFO TextDataConvertor: user number: 4005,	 item number is: 2673
22/08/09 05:49:23 INFO TextDataModel: Transform data to Convertor successfully!
22/08/09 05:49:23 INFO TextDataConvertor: Dataset: [data/split/cv_3/test.txt]
22/08/09 05:49:23 INFO TextDataConvertor: DataSet: data/split/cv_3/test.txt is finished
22/08/09 05:49:23 INFO TextDataConvertor: rating Scale (real): 3.0 to 5.0
22/08/09 05:49:23 INFO TextDataConvertor: user number: 4005,	 item number is: 2673
22/08/09 05:49:24 INFO TextDataModel: Split data to train Set and test Set successfully!
22/08/09 05:49:24 INFO TextDataModel: Data cardinality of training is 73581
22/08/09 05:49:24 INFO TextDataModel: Data cardinality of testing is 36790
22/08/09 05:49:24 INFO TextDataModel: Feature appender loaded successfully!
22/08/09 05:49:24 INFO OracleAlgo: Job Setup completed.
** Training model in OracleAlgo **
22/08/09 05:49:24 INFO TextDataConvertor: Dataset: [exp00005/result/out-3.txt]
22/08/09 05:49:24 INFO TextDataConvertor: DataSet: exp00005/result/out-3.txt is finished
22/08/09 05:49:24 INFO TextDataConvertor: user number: 4005,	 item number is: 2673
22/08/09 05:49:24 INFO OracleAlgo: Job Train completed.
22/08/09 05:49:24 INFO OracleAlgo: begin recommend
22/08/09 05:49:25 INFO OracleAlgo: end recommend
22/08/09 05:49:25 INFO RecommenderJob: Evaluator info:NormalizedDCGEvaluator is 0.03662600954945364
22/08/09 05:49:25 INFO RecommenderJob: Evaluator info:PStatisticalParityEvaluator is -0.7153395139063283
