22/08/05 22:34:06 INFO TextDataConvertor: Dataset: [data/rating_5000_cls_hc_10core_iterative.csv]
22/08/05 22:34:10 INFO TextDataConvertor: DataSet: ...ng_5000_cls_hc_10core_iterative.csv is finished
22/08/05 22:34:10 INFO TextDataConvertor: rating Scale (real): 3.0 to 5.0
22/08/05 22:34:10 INFO TextDataConvertor: user number: 4005,	 item number is: 2673
22/08/05 22:34:10 INFO TextDataModel: Transform data to Convertor successfully!
22/08/05 22:34:14 INFO TextDataModel: Split data to train Set and test Set successfully!
22/08/05 22:34:16 INFO TextDataModel: Feature appender loaded successfully!
22/08/05 22:34:16 INFO TextDataConvertor: Dataset: [data/split/cv_1/train.txt]
22/08/05 22:34:17 INFO TextDataConvertor: DataSet: data/split/cv_1/train.txt is finished
22/08/05 22:34:17 INFO TextDataConvertor: rating Scale (real): 3.0 to 5.0
22/08/05 22:34:17 INFO TextDataConvertor: user number: 4005,	 item number is: 2673
22/08/05 22:34:17 INFO TextDataModel: Transform data to Convertor successfully!
22/08/05 22:34:17 INFO TextDataConvertor: Dataset: [data/split/cv_1/test.txt]
22/08/05 22:34:18 INFO TextDataConvertor: DataSet: data/split/cv_1/test.txt is finished
22/08/05 22:34:18 INFO TextDataConvertor: rating Scale (real): 3.0 to 5.0
22/08/05 22:34:18 INFO TextDataConvertor: user number: 4005,	 item number is: 2673
22/08/05 22:34:19 INFO TextDataModel: Split data to train Set and test Set successfully!
22/08/05 22:34:19 INFO TextDataModel: Data cardinality of training is 73580
22/08/05 22:34:19 INFO TextDataModel: Data cardinality of testing is 36791
22/08/05 22:34:19 INFO TextDataModel: Feature appender loaded successfully!
22/08/05 22:34:20 INFO OracleAlgo: Job Setup completed.
** Training model in OracleAlgo **
22/08/05 22:34:20 INFO TextDataConvertor: Dataset: [exp00011/result/out-1.txt]
22/08/05 22:34:20 INFO TextDataConvertor: DataSet: exp00011/result/out-1.txt is finished
22/08/05 22:34:20 INFO TextDataConvertor: user number: 4005,	 item number is: 2673
22/08/05 22:34:20 INFO OracleAlgo: Job Train completed.
22/08/05 22:34:20 INFO OracleAlgo: begin recommend
22/08/05 22:34:24 INFO OracleAlgo: end recommend
22/08/05 22:34:25 INFO RecommenderJob: Evaluator info:NormalizedDCGEvaluator is 0.03516456692211329
22/08/05 22:34:25 INFO RecommenderJob: Evaluator info:PStatisticalParityEvaluator is -0.7152357071214025
22/08/05 22:34:25 INFO TextDataConvertor: Dataset: [data/split/cv_2/train.txt]
22/08/05 22:34:26 INFO TextDataConvertor: DataSet: data/split/cv_2/train.txt is finished
22/08/05 22:34:26 INFO TextDataConvertor: rating Scale (real): 3.0 to 5.0
22/08/05 22:34:26 INFO TextDataConvertor: user number: 4005,	 item number is: 2673
22/08/05 22:34:26 INFO TextDataModel: Transform data to Convertor successfully!
22/08/05 22:34:26 INFO TextDataConvertor: Dataset: [data/split/cv_2/test.txt]
22/08/05 22:34:27 INFO TextDataConvertor: DataSet: data/split/cv_2/test.txt is finished
22/08/05 22:34:27 INFO TextDataConvertor: rating Scale (real): 3.0 to 5.0
22/08/05 22:34:27 INFO TextDataConvertor: user number: 4005,	 item number is: 2673
22/08/05 22:34:27 INFO TextDataModel: Split data to train Set and test Set successfully!
22/08/05 22:34:27 INFO TextDataModel: Data cardinality of training is 73581
22/08/05 22:34:27 INFO TextDataModel: Data cardinality of testing is 36790
22/08/05 22:34:28 INFO TextDataModel: Feature appender loaded successfully!
22/08/05 22:34:28 INFO OracleAlgo: Job Setup completed.
** Training model in OracleAlgo **
22/08/05 22:34:28 INFO TextDataConvertor: Dataset: [exp00011/result/out-2.txt]
22/08/05 22:34:28 INFO TextDataConvertor: DataSet: exp00011/result/out-2.txt is finished
22/08/05 22:34:28 INFO TextDataConvertor: user number: 4005,	 item number is: 2673
22/08/05 22:34:28 INFO OracleAlgo: Job Train completed.
22/08/05 22:34:28 INFO OracleAlgo: begin recommend
22/08/05 22:34:32 INFO OracleAlgo: end recommend
22/08/05 22:34:32 INFO RecommenderJob: Evaluator info:NormalizedDCGEvaluator is 0.0369104638458203
22/08/05 22:34:32 INFO RecommenderJob: Evaluator info:PStatisticalParityEvaluator is -0.7143674698795568
22/08/05 22:34:32 INFO TextDataConvertor: Dataset: [data/split/cv_3/train.txt]
22/08/05 22:34:33 INFO TextDataConvertor: DataSet: data/split/cv_3/train.txt is finished
22/08/05 22:34:33 INFO TextDataConvertor: rating Scale (real): 3.0 to 5.0
22/08/05 22:34:33 INFO TextDataConvertor: user number: 4005,	 item number is: 2673
22/08/05 22:34:33 INFO TextDataModel: Transform data to Convertor successfully!
22/08/05 22:34:33 INFO TextDataConvertor: Dataset: [data/split/cv_3/test.txt]
22/08/05 22:34:34 INFO TextDataConvertor: DataSet: data/split/cv_3/test.txt is finished
22/08/05 22:34:34 INFO TextDataConvertor: rating Scale (real): 3.0 to 5.0
22/08/05 22:34:34 INFO TextDataConvertor: user number: 4005,	 item number is: 2673
22/08/05 22:34:34 INFO TextDataModel: Split data to train Set and test Set successfully!
22/08/05 22:34:34 INFO TextDataModel: Data cardinality of training is 73581
22/08/05 22:34:34 INFO TextDataModel: Data cardinality of testing is 36790
22/08/05 22:34:35 INFO TextDataModel: Feature appender loaded successfully!
22/08/05 22:34:35 INFO OracleAlgo: Job Setup completed.
** Training model in OracleAlgo **
22/08/05 22:34:35 INFO TextDataConvertor: Dataset: [exp00011/result/out-3.txt]
22/08/05 22:34:35 INFO TextDataConvertor: DataSet: exp00011/result/out-3.txt is finished
22/08/05 22:34:35 INFO TextDataConvertor: user number: 4005,	 item number is: 2673
22/08/05 22:34:35 INFO OracleAlgo: Job Train completed.
22/08/05 22:34:35 INFO OracleAlgo: begin recommend
22/08/05 22:34:38 INFO OracleAlgo: end recommend
22/08/05 22:34:38 INFO RecommenderJob: Evaluator info:NormalizedDCGEvaluator is 0.03681120343097174
22/08/05 22:34:38 INFO RecommenderJob: Evaluator info:PStatisticalParityEvaluator is -0.7188774743172559
