22/08/09 03:52:08 INFO TextDataConvertor: Dataset: [data/rating_5000_cls_hc_10core_iterative.csv]
22/08/09 03:52:09 INFO TextDataConvertor: DataSet: ...ng_5000_cls_hc_10core_iterative.csv is finished
22/08/09 03:52:09 INFO TextDataConvertor: rating Scale (real): 3.0 to 5.0
22/08/09 03:52:09 INFO TextDataConvertor: user number: 4005,	 item number is: 2673
22/08/09 03:52:09 INFO TextDataModel: Transform data to Convertor successfully!
22/08/09 03:52:11 INFO TextDataModel: Split data to train Set and test Set successfully!
22/08/09 03:52:12 INFO TextDataModel: Feature appender loaded successfully!
22/08/09 03:52:12 INFO TextDataConvertor: Dataset: [data/split/cv_1/train.txt]
java.nio.file.NoSuchFileException: data/split/cv_1/train.txt
	at java.base/sun.nio.fs.UnixException.translateToIOException(UnixException.java:92)
	at java.base/sun.nio.fs.UnixException.rethrowAsIOException(UnixException.java:111)
	at java.base/sun.nio.fs.UnixException.rethrowAsIOException(UnixException.java:116)
	at java.base/sun.nio.fs.UnixFileAttributeViews$Basic.readAttributes(UnixFileAttributeViews.java:55)
	at java.base/sun.nio.fs.UnixFileSystemProvider.readAttributes(UnixFileSystemProvider.java:149)
	at java.base/sun.nio.fs.LinuxFileSystemProvider.readAttributes(LinuxFileSystemProvider.java:99)
	at java.base/java.nio.file.Files.readAttributes(Files.java:1764)
	at java.base/java.nio.file.FileTreeWalker.getAttributes(FileTreeWalker.java:219)
	at java.base/java.nio.file.FileTreeWalker.visit(FileTreeWalker.java:276)
	at java.base/java.nio.file.FileTreeWalker.walk(FileTreeWalker.java:322)
	at java.base/java.nio.file.Files.walkFileTree(Files.java:2717)
	at java.base/java.nio.file.Files.walkFileTree(Files.java:2797)
	at net.librec.data.convertor.TextDataConvertor.readData(TextDataConvertor.java:166)
	at net.librec.data.convertor.TextDataConvertor.processData(TextDataConvertor.java:139)
	at net.librec.data.model.TextDataModel.buildConvert(TextDataModel.java:68)
	at net.librec.data.model.AbstractDataModel.buildDataModel(AbstractDataModel.java:157)
	at net.that_recsys_lab.auto.AutoRecommenderJob.setData(AutoRecommenderJob.java:102)
	at net.that_recsys_lab.auto.cmd.SplitCmd.execute(SplitCmd.java:50)
	at net.that_recsys_lab.auto.cmd.SeqCmd.execute(SeqCmd.java:22)
	at net.that_recsys_lab.auto.cmd.SeqCmd.execute(SeqCmd.java:22)
	at net.that_recsys_lab.auto.AutoRecommenderJob.runJob(AutoRecommenderJob.java:198)
	at net.that_recsys_lab.auto.SingleJobRunner.main(SingleJobRunner.java:27)
22/08/09 03:52:12 INFO TextDataModel: Transform data to Convertor successfully!
22/08/09 03:52:12 INFO TextDataConvertor: Dataset: [data/split/cv_1/test.txt]
java.nio.file.NoSuchFileException: data/split/cv_1/test.txt
	at java.base/sun.nio.fs.UnixException.translateToIOException(UnixException.java:92)
	at java.base/sun.nio.fs.UnixException.rethrowAsIOException(UnixException.java:111)
	at java.base/sun.nio.fs.UnixException.rethrowAsIOException(UnixException.java:116)
	at java.base/sun.nio.fs.UnixFileAttributeViews$Basic.readAttributes(UnixFileAttributeViews.java:55)
	at java.base/sun.nio.fs.UnixFileSystemProvider.readAttributes(UnixFileSystemProvider.java:149)
	at java.base/sun.nio.fs.LinuxFileSystemProvider.readAttributes(LinuxFileSystemProvider.java:99)
	at java.base/java.nio.file.Files.readAttributes(Files.java:1764)
	at java.base/java.nio.file.FileTreeWalker.getAttributes(FileTreeWalker.java:219)
	at java.base/java.nio.file.FileTreeWalker.visit(FileTreeWalker.java:276)
	at java.base/java.nio.file.FileTreeWalker.walk(FileTreeWalker.java:322)
	at java.base/java.nio.file.Files.walkFileTree(Files.java:2717)
	at java.base/java.nio.file.Files.walkFileTree(Files.java:2797)
	at net.librec.data.convertor.TextDataConvertor.readData(TextDataConvertor.java:166)
	at net.librec.data.convertor.TextDataConvertor.processData(TextDataConvertor.java:139)
	at net.librec.data.splitter.GivenTestSetDataSplitter.splitData(GivenTestSetDataSplitter.java:88)
	at net.librec.data.model.AbstractDataModel.buildSplitter(AbstractDataModel.java:102)
	at net.librec.data.model.AbstractDataModel.buildDataModel(AbstractDataModel.java:161)
	at net.that_recsys_lab.auto.AutoRecommenderJob.setData(AutoRecommenderJob.java:102)
	at net.that_recsys_lab.auto.cmd.SplitCmd.execute(SplitCmd.java:50)
	at net.that_recsys_lab.auto.cmd.SeqCmd.execute(SeqCmd.java:22)
	at net.that_recsys_lab.auto.cmd.SeqCmd.execute(SeqCmd.java:22)
	at net.that_recsys_lab.auto.AutoRecommenderJob.runJob(AutoRecommenderJob.java:198)
	at net.that_recsys_lab.auto.SingleJobRunner.main(SingleJobRunner.java:27)
Exception in thread "main" java.lang.NullPointerException
	at net.librec.data.splitter.GivenTestSetDataSplitter.splitData(GivenTestSetDataSplitter.java:99)
	at net.librec.data.model.AbstractDataModel.buildSplitter(AbstractDataModel.java:102)
	at net.librec.data.model.AbstractDataModel.buildDataModel(AbstractDataModel.java:161)
	at net.that_recsys_lab.auto.AutoRecommenderJob.setData(AutoRecommenderJob.java:102)
	at net.that_recsys_lab.auto.cmd.SplitCmd.execute(SplitCmd.java:50)
	at net.that_recsys_lab.auto.cmd.SeqCmd.execute(SeqCmd.java:22)
	at net.that_recsys_lab.auto.cmd.SeqCmd.execute(SeqCmd.java:22)
	at net.that_recsys_lab.auto.AutoRecommenderJob.runJob(AutoRecommenderJob.java:198)
	at net.that_recsys_lab.auto.SingleJobRunner.main(SingleJobRunner.java:27)
