22/08/09 05:49:25 INFO TextDataConvertor: Dataset: [data/rating_5000_cls_hc_10core_iterative.csv]
22/08/09 05:49:26 INFO TextDataConvertor: DataSet: ...ng_5000_cls_hc_10core_iterative.csv is finished
22/08/09 05:49:26 INFO TextDataConvertor: rating Scale (real): 3.0 to 5.0
22/08/09 05:49:26 INFO TextDataConvertor: user number: 4005,	 item number is: 2673
22/08/09 05:49:26 INFO TextDataModel: Transform data to Convertor successfully!
22/08/09 05:49:28 INFO TextDataModel: Split data to train Set and test Set successfully!
22/08/09 05:49:28 INFO TextDataModel: Feature appender loaded successfully!
22/08/09 05:49:28 INFO TextDataConvertor: Dataset: [data/split/cv_1/train.txt]
22/08/09 05:49:29 INFO TextDataConvertor: DataSet: data/split/cv_1/train.txt is finished
22/08/09 05:49:29 INFO TextDataConvertor: rating Scale (real): 3.0 to 5.0
22/08/09 05:49:29 INFO TextDataConvertor: user number: 4005,	 item number is: 2673
22/08/09 05:49:29 INFO TextDataModel: Transform data to Convertor successfully!
22/08/09 05:49:29 INFO TextDataConvertor: Dataset: [data/split/cv_1/test.txt]
22/08/09 05:49:29 INFO TextDataConvertor: DataSet: data/split/cv_1/test.txt is finished
22/08/09 05:49:29 INFO TextDataConvertor: rating Scale (real): 3.0 to 5.0
22/08/09 05:49:29 INFO TextDataConvertor: user number: 4005,	 item number is: 2673
22/08/09 05:49:29 INFO TextDataModel: Split data to train Set and test Set successfully!
22/08/09 05:49:29 INFO TextDataModel: Data cardinality of training is 73580
22/08/09 05:49:29 INFO TextDataModel: Data cardinality of testing is 36791
22/08/09 05:49:29 INFO TextDataModel: Feature appender loaded successfully!
22/08/09 05:49:29 INFO OracleAlgo: Job Setup completed.
** Training model in OracleAlgo **
22/08/09 05:49:29 INFO TextDataConvertor: Dataset: [exp00006/result/out-1.txt]
22/08/09 05:49:30 INFO TextDataConvertor: DataSet: exp00006/result/out-1.txt is finished
22/08/09 05:49:30 INFO TextDataConvertor: user number: 4005,	 item number is: 2673
22/08/09 05:49:30 INFO OracleAlgo: Job Train completed.
22/08/09 05:49:30 INFO OracleAlgo: begin recommend
22/08/09 05:49:31 INFO OracleAlgo: end recommend
22/08/09 05:49:31 INFO RecommenderJob: Evaluator info:NormalizedDCGEvaluator is 0.03516456692211329
22/08/09 05:49:31 INFO RecommenderJob: Evaluator info:PStatisticalParityEvaluator is -0.7152357071214025
22/08/09 05:49:31 INFO TextDataConvertor: Dataset: [data/split/cv_2/train.txt]
22/08/09 05:49:31 INFO TextDataConvertor: DataSet: data/split/cv_2/train.txt is finished
22/08/09 05:49:31 INFO TextDataConvertor: rating Scale (real): 3.0 to 5.0
22/08/09 05:49:31 INFO TextDataConvertor: user number: 4005,	 item number is: 2673
22/08/09 05:49:31 INFO TextDataModel: Transform data to Convertor successfully!
22/08/09 05:49:31 INFO TextDataConvertor: Dataset: [data/split/cv_2/test.txt]
22/08/09 05:49:31 INFO TextDataConvertor: DataSet: data/split/cv_2/test.txt is finished
22/08/09 05:49:31 INFO TextDataConvertor: rating Scale (real): 3.0 to 5.0
22/08/09 05:49:31 INFO TextDataConvertor: user number: 4005,	 item number is: 2673
22/08/09 05:49:32 INFO TextDataModel: Split data to train Set and test Set successfully!
22/08/09 05:49:32 INFO TextDataModel: Data cardinality of training is 73581
22/08/09 05:49:32 INFO TextDataModel: Data cardinality of testing is 36790
22/08/09 05:49:32 INFO TextDataModel: Feature appender loaded successfully!
22/08/09 05:49:32 INFO OracleAlgo: Job Setup completed.
** Training model in OracleAlgo **
22/08/09 05:49:32 INFO TextDataConvertor: Dataset: [exp00006/result/out-2.txt]
22/08/09 05:49:32 INFO TextDataConvertor: DataSet: exp00006/result/out-2.txt is finished
22/08/09 05:49:32 INFO TextDataConvertor: user number: 4005,	 item number is: 2673
22/08/09 05:49:32 INFO OracleAlgo: Job Train completed.
22/08/09 05:49:32 INFO OracleAlgo: begin recommend
22/08/09 05:49:33 INFO OracleAlgo: end recommend
22/08/09 05:49:33 INFO RecommenderJob: Evaluator info:NormalizedDCGEvaluator is 0.0369104638458203
22/08/09 05:49:33 INFO RecommenderJob: Evaluator info:PStatisticalParityEvaluator is -0.7143674698795568
22/08/09 05:49:33 INFO TextDataConvertor: Dataset: [data/split/cv_3/train.txt]
22/08/09 05:49:33 INFO TextDataConvertor: DataSet: data/split/cv_3/train.txt is finished
22/08/09 05:49:33 INFO TextDataConvertor: rating Scale (real): 3.0 to 5.0
22/08/09 05:49:33 INFO TextDataConvertor: user number: 4005,	 item number is: 2673
22/08/09 05:49:33 INFO TextDataModel: Transform data to Convertor successfully!
22/08/09 05:49:33 INFO TextDataConvertor: Dataset: [data/split/cv_3/test.txt]
22/08/09 05:49:33 INFO TextDataConvertor: DataSet: data/split/cv_3/test.txt is finished
22/08/09 05:49:33 INFO TextDataConvertor: rating Scale (real): 3.0 to 5.0
22/08/09 05:49:33 INFO TextDataConvertor: user number: 4005,	 item number is: 2673
22/08/09 05:49:34 INFO TextDataModel: Split data to train Set and test Set successfully!
22/08/09 05:49:34 INFO TextDataModel: Data cardinality of training is 73581
22/08/09 05:49:34 INFO TextDataModel: Data cardinality of testing is 36790
22/08/09 05:49:34 INFO TextDataModel: Feature appender loaded successfully!
22/08/09 05:49:34 INFO OracleAlgo: Job Setup completed.
** Training model in OracleAlgo **
22/08/09 05:49:34 INFO TextDataConvertor: Dataset: [exp00006/result/out-3.txt]
22/08/09 05:49:34 INFO TextDataConvertor: DataSet: exp00006/result/out-3.txt is finished
22/08/09 05:49:34 INFO TextDataConvertor: user number: 4005,	 item number is: 2673
22/08/09 05:49:34 INFO OracleAlgo: Job Train completed.
22/08/09 05:49:34 INFO OracleAlgo: begin recommend
22/08/09 05:49:35 INFO OracleAlgo: end recommend
22/08/09 05:49:35 INFO RecommenderJob: Evaluator info:NormalizedDCGEvaluator is 0.03681120343097174
22/08/09 05:49:35 INFO RecommenderJob: Evaluator info:PStatisticalParityEvaluator is -0.7188774743172559
