22/08/11 07:14:59 INFO TextDataConvertor: Dataset: [data/rating_5000_cls_hc_10core_iterative.csv]
22/08/11 07:15:00 INFO TextDataConvertor: DataSet: ...ng_5000_cls_hc_10core_iterative.csv is finished
22/08/11 07:15:00 INFO TextDataConvertor: rating Scale (real): 3.0 to 5.0
22/08/11 07:15:00 INFO TextDataConvertor: user number: 4005,	 item number is: 2673
22/08/11 07:15:00 INFO TextDataModel: Transform data to Convertor successfully!
22/08/11 07:15:02 INFO TextDataModel: Split data to train Set and test Set successfully!
22/08/11 07:15:02 INFO TextDataModel: Feature appender loaded successfully!
22/08/11 07:15:02 INFO TextDataConvertor: Dataset: [data/split/cv_1/train.txt]
22/08/11 07:15:03 INFO TextDataConvertor: DataSet: data/split/cv_1/train.txt is finished
22/08/11 07:15:03 INFO TextDataConvertor: rating Scale (real): 3.0 to 5.0
22/08/11 07:15:03 INFO TextDataConvertor: user number: 4005,	 item number is: 2673
22/08/11 07:15:03 INFO TextDataModel: Transform data to Convertor successfully!
22/08/11 07:15:03 INFO TextDataConvertor: Dataset: [data/split/cv_1/test.txt]
22/08/11 07:15:03 INFO TextDataConvertor: DataSet: data/split/cv_1/test.txt is finished
22/08/11 07:15:03 INFO TextDataConvertor: rating Scale (real): 3.0 to 5.0
22/08/11 07:15:03 INFO TextDataConvertor: user number: 4005,	 item number is: 2673
22/08/11 07:15:03 INFO TextDataModel: Split data to train Set and test Set successfully!
22/08/11 07:15:03 INFO TextDataModel: Data cardinality of training is 73580
22/08/11 07:15:03 INFO TextDataModel: Data cardinality of testing is 36791
22/08/11 07:15:04 INFO TextDataModel: Feature appender loaded successfully!
22/08/11 07:15:08 INFO OracleAlgo: Job Setup completed.
** Training model in OracleAlgo **
22/08/11 07:15:08 INFO TextDataConvertor: Dataset: [exp00004/result/out-1.txt]
22/08/11 07:15:08 INFO TextDataConvertor: DataSet: exp00004/result/out-1.txt is finished
22/08/11 07:15:08 INFO TextDataConvertor: user number: 4005,	 item number is: 2673
22/08/11 07:15:08 INFO OracleAlgo: Job Train completed.
22/08/11 07:15:08 INFO OracleAlgo: begin recommend
22/08/11 07:15:10 INFO OracleAlgo: end recommend
22/08/11 07:15:11 INFO RecommenderJob: Evaluator info:NormalizedDCGEvaluator is 0.01801473686436155
22/08/11 07:15:11 INFO TextDataConvertor: Dataset: [data/split/cv_2/train.txt]
22/08/11 07:15:11 INFO TextDataConvertor: DataSet: data/split/cv_2/train.txt is finished
22/08/11 07:15:11 INFO TextDataConvertor: rating Scale (real): 3.0 to 5.0
22/08/11 07:15:11 INFO TextDataConvertor: user number: 4005,	 item number is: 2673
22/08/11 07:15:11 INFO TextDataModel: Transform data to Convertor successfully!
22/08/11 07:15:11 INFO TextDataConvertor: Dataset: [data/split/cv_2/test.txt]
22/08/11 07:15:11 INFO TextDataConvertor: DataSet: data/split/cv_2/test.txt is finished
22/08/11 07:15:11 INFO TextDataConvertor: rating Scale (real): 3.0 to 5.0
22/08/11 07:15:11 INFO TextDataConvertor: user number: 4005,	 item number is: 2673
22/08/11 07:15:11 INFO TextDataModel: Split data to train Set and test Set successfully!
22/08/11 07:15:11 INFO TextDataModel: Data cardinality of training is 73581
22/08/11 07:15:11 INFO TextDataModel: Data cardinality of testing is 36790
22/08/11 07:15:12 INFO TextDataModel: Feature appender loaded successfully!
22/08/11 07:15:15 INFO OracleAlgo: Job Setup completed.
** Training model in OracleAlgo **
22/08/11 07:15:15 INFO TextDataConvertor: Dataset: [exp00004/result/out-2.txt]
22/08/11 07:15:15 INFO TextDataConvertor: DataSet: exp00004/result/out-2.txt is finished
22/08/11 07:15:15 INFO TextDataConvertor: user number: 4005,	 item number is: 2673
22/08/11 07:15:15 INFO OracleAlgo: Job Train completed.
22/08/11 07:15:15 INFO OracleAlgo: begin recommend
22/08/11 07:15:17 INFO OracleAlgo: end recommend
22/08/11 07:15:17 INFO RecommenderJob: Evaluator info:NormalizedDCGEvaluator is 0.01720564299859408
22/08/11 07:15:17 INFO TextDataConvertor: Dataset: [data/split/cv_3/train.txt]
22/08/11 07:15:17 INFO TextDataConvertor: DataSet: data/split/cv_3/train.txt is finished
22/08/11 07:15:17 INFO TextDataConvertor: rating Scale (real): 3.0 to 5.0
22/08/11 07:15:17 INFO TextDataConvertor: user number: 4005,	 item number is: 2673
22/08/11 07:15:17 INFO TextDataModel: Transform data to Convertor successfully!
22/08/11 07:15:17 INFO TextDataConvertor: Dataset: [data/split/cv_3/test.txt]
22/08/11 07:15:17 INFO TextDataConvertor: DataSet: data/split/cv_3/test.txt is finished
22/08/11 07:15:17 INFO TextDataConvertor: rating Scale (real): 3.0 to 5.0
22/08/11 07:15:17 INFO TextDataConvertor: user number: 4005,	 item number is: 2673
22/08/11 07:15:18 INFO TextDataModel: Split data to train Set and test Set successfully!
22/08/11 07:15:18 INFO TextDataModel: Data cardinality of training is 73581
22/08/11 07:15:18 INFO TextDataModel: Data cardinality of testing is 36790
22/08/11 07:15:18 INFO TextDataModel: Feature appender loaded successfully!
22/08/11 07:15:21 INFO OracleAlgo: Job Setup completed.
** Training model in OracleAlgo **
22/08/11 07:15:21 INFO TextDataConvertor: Dataset: [exp00004/result/out-3.txt]
22/08/11 07:15:21 INFO TextDataConvertor: DataSet: exp00004/result/out-3.txt is finished
22/08/11 07:15:21 INFO TextDataConvertor: user number: 4005,	 item number is: 2673
22/08/11 07:15:21 INFO OracleAlgo: Job Train completed.
22/08/11 07:15:21 INFO OracleAlgo: begin recommend
22/08/11 07:15:23 INFO OracleAlgo: end recommend
22/08/11 07:15:23 INFO RecommenderJob: Evaluator info:NormalizedDCGEvaluator is 0.019401409451318893
