22/08/05 22:38:05 INFO TextDataConvertor: Dataset: [data/rating_5000_cls_hc_10core_iterative.csv]
22/08/05 22:38:09 INFO TextDataConvertor: DataSet: ...ng_5000_cls_hc_10core_iterative.csv is finished
22/08/05 22:38:09 INFO TextDataConvertor: rating Scale (real): 3.0 to 5.0
22/08/05 22:38:09 INFO TextDataConvertor: user number: 4005,	 item number is: 2673
22/08/05 22:38:09 INFO TextDataModel: Transform data to Convertor successfully!
22/08/05 22:38:14 INFO TextDataModel: Split data to train Set and test Set successfully!
22/08/05 22:38:15 INFO TextDataModel: Feature appender loaded successfully!
22/08/05 22:38:15 INFO TextDataConvertor: Dataset: [data/split/cv_1/train.txt]
22/08/05 22:38:16 INFO TextDataConvertor: DataSet: data/split/cv_1/train.txt is finished
22/08/05 22:38:16 INFO TextDataConvertor: rating Scale (real): 3.0 to 5.0
22/08/05 22:38:16 INFO TextDataConvertor: user number: 4005,	 item number is: 2673
22/08/05 22:38:16 INFO TextDataModel: Transform data to Convertor successfully!
22/08/05 22:38:16 INFO TextDataConvertor: Dataset: [data/split/cv_1/test.txt]
22/08/05 22:38:17 INFO TextDataConvertor: DataSet: data/split/cv_1/test.txt is finished
22/08/05 22:38:17 INFO TextDataConvertor: rating Scale (real): 3.0 to 5.0
22/08/05 22:38:17 INFO TextDataConvertor: user number: 4005,	 item number is: 2673
22/08/05 22:38:18 INFO TextDataModel: Split data to train Set and test Set successfully!
22/08/05 22:38:18 INFO TextDataModel: Data cardinality of training is 73580
22/08/05 22:38:18 INFO TextDataModel: Data cardinality of testing is 36791
22/08/05 22:38:19 INFO TextDataModel: Feature appender loaded successfully!
22/08/05 22:38:19 INFO OracleAlgo: Job Setup completed.
** Training model in OracleAlgo **
22/08/05 22:38:19 INFO TextDataConvertor: Dataset: [exp00018/result/out-1.txt]
22/08/05 22:38:20 INFO TextDataConvertor: DataSet: exp00018/result/out-1.txt is finished
22/08/05 22:38:20 INFO TextDataConvertor: user number: 4005,	 item number is: 2673
22/08/05 22:38:20 INFO OracleAlgo: Job Train completed.
22/08/05 22:38:20 INFO OracleAlgo: begin recommend
22/08/05 22:38:24 INFO OracleAlgo: end recommend
22/08/05 22:38:24 INFO RecommenderJob: Evaluator info:NormalizedDCGEvaluator is 0.03325199037616549
22/08/05 22:38:24 INFO RecommenderJob: Evaluator info:PStatisticalParityEvaluator is -0.7490972918756779
22/08/05 22:38:24 INFO TextDataConvertor: Dataset: [data/split/cv_2/train.txt]
22/08/05 22:38:25 INFO TextDataConvertor: DataSet: data/split/cv_2/train.txt is finished
22/08/05 22:38:25 INFO TextDataConvertor: rating Scale (real): 3.0 to 5.0
22/08/05 22:38:25 INFO TextDataConvertor: user number: 4005,	 item number is: 2673
22/08/05 22:38:25 INFO TextDataModel: Transform data to Convertor successfully!
22/08/05 22:38:25 INFO TextDataConvertor: Dataset: [data/split/cv_2/test.txt]
22/08/05 22:38:25 INFO TextDataConvertor: DataSet: data/split/cv_2/test.txt is finished
22/08/05 22:38:25 INFO TextDataConvertor: rating Scale (real): 3.0 to 5.0
22/08/05 22:38:25 INFO TextDataConvertor: user number: 4005,	 item number is: 2673
22/08/05 22:38:26 INFO TextDataModel: Split data to train Set and test Set successfully!
22/08/05 22:38:26 INFO TextDataModel: Data cardinality of training is 73581
22/08/05 22:38:26 INFO TextDataModel: Data cardinality of testing is 36790
22/08/05 22:38:26 INFO TextDataModel: Feature appender loaded successfully!
22/08/05 22:38:26 INFO OracleAlgo: Job Setup completed.
** Training model in OracleAlgo **
22/08/05 22:38:26 INFO TextDataConvertor: Dataset: [exp00018/result/out-2.txt]
22/08/05 22:38:27 INFO TextDataConvertor: DataSet: exp00018/result/out-2.txt is finished
22/08/05 22:38:27 INFO TextDataConvertor: user number: 4005,	 item number is: 2673
22/08/05 22:38:27 INFO OracleAlgo: Job Train completed.
22/08/05 22:38:27 INFO OracleAlgo: begin recommend
22/08/05 22:38:30 INFO OracleAlgo: end recommend
22/08/05 22:38:30 INFO RecommenderJob: Evaluator info:NormalizedDCGEvaluator is 0.0355450664826175
22/08/05 22:38:30 INFO RecommenderJob: Evaluator info:PStatisticalParityEvaluator is -0.7443072289157174
22/08/05 22:38:30 INFO TextDataConvertor: Dataset: [data/split/cv_3/train.txt]
22/08/05 22:38:31 INFO TextDataConvertor: DataSet: data/split/cv_3/train.txt is finished
22/08/05 22:38:31 INFO TextDataConvertor: rating Scale (real): 3.0 to 5.0
22/08/05 22:38:31 INFO TextDataConvertor: user number: 4005,	 item number is: 2673
22/08/05 22:38:31 INFO TextDataModel: Transform data to Convertor successfully!
22/08/05 22:38:31 INFO TextDataConvertor: Dataset: [data/split/cv_3/test.txt]
22/08/05 22:38:31 INFO TextDataConvertor: DataSet: data/split/cv_3/test.txt is finished
22/08/05 22:38:31 INFO TextDataConvertor: rating Scale (real): 3.0 to 5.0
22/08/05 22:38:31 INFO TextDataConvertor: user number: 4005,	 item number is: 2673
22/08/05 22:38:32 INFO TextDataModel: Split data to train Set and test Set successfully!
22/08/05 22:38:32 INFO TextDataModel: Data cardinality of training is 73581
22/08/05 22:38:32 INFO TextDataModel: Data cardinality of testing is 36790
22/08/05 22:38:32 INFO TextDataModel: Feature appender loaded successfully!
22/08/05 22:38:32 INFO OracleAlgo: Job Setup completed.
** Training model in OracleAlgo **
22/08/05 22:38:32 INFO TextDataConvertor: Dataset: [exp00018/result/out-3.txt]
22/08/05 22:38:33 INFO TextDataConvertor: DataSet: exp00018/result/out-3.txt is finished
22/08/05 22:38:33 INFO TextDataConvertor: user number: 4005,	 item number is: 2673
22/08/05 22:38:33 INFO OracleAlgo: Job Train completed.
22/08/05 22:38:33 INFO OracleAlgo: begin recommend
22/08/05 22:38:36 INFO OracleAlgo: end recommend
22/08/05 22:38:36 INFO RecommenderJob: Evaluator info:NormalizedDCGEvaluator is 0.032902240676127945
22/08/05 22:38:36 INFO RecommenderJob: Evaluator info:PStatisticalParityEvaluator is -0.7554798296166917
