22/07/26 21:30:46 INFO TextDataConvertor: Dataset: [data/rating_5000_cls_hc_10core_iterative.csv]
22/07/26 21:30:46 INFO TextDataConvertor: DataSet: ...ng_5000_cls_hc_10core_iterative.csv is finished
22/07/26 21:30:46 INFO TextDataConvertor: rating Scale: [3.0, 4.0, 5.0]
22/07/26 21:30:46 INFO TextDataConvertor: user number: 4005,	 item number is: 2673
22/07/26 21:30:46 INFO TextDataModel: Transform data to Convertor successfully!
22/07/26 21:30:47 INFO TextDataModel: Split data to train Set and test Set successfully!
22/07/26 21:30:47 INFO TextDataModel: Feature appender loaded successfully!
22/07/26 21:30:47 INFO TextDataConvertor: Dataset: [data/split/cv_1/train.txt]
22/07/26 21:30:47 INFO TextDataConvertor: DataSet: data/split/cv_1/train.txt is finished
22/07/26 21:30:47 INFO TextDataConvertor: rating Scale: [3.0, 4.0, 5.0]
22/07/26 21:30:47 INFO TextDataConvertor: user number: 4005,	 item number is: 2673
22/07/26 21:30:47 INFO TextDataModel: Transform data to Convertor successfully!
22/07/26 21:30:47 INFO TextDataConvertor: Dataset: [data/split/cv_1/test.txt]
22/07/26 21:30:47 INFO TextDataConvertor: DataSet: data/split/cv_1/test.txt is finished
22/07/26 21:30:47 INFO TextDataConvertor: rating Scale: [3.0, 4.0, 5.0]
22/07/26 21:30:47 INFO TextDataConvertor: user number: 4005,	 item number is: 2673
22/07/26 21:30:47 INFO TextDataModel: Split data to train Set and test Set successfully!
22/07/26 21:30:47 INFO TextDataModel: Data cardinality of training is 73580
22/07/26 21:30:47 INFO TextDataModel: Data cardinality of testing is 36791
22/07/26 21:30:47 INFO TextDataModel: Feature appender loaded successfully!
22/07/26 21:30:47 INFO RecommenderJob: ExpCMD: START - Executing recommender job on 1.
22/07/26 21:30:50 INFO SLIMRecommender: Job Setup completed.
22/07/26 21:30:51 INFO SLIMRecommender: SLIMRecommender iter 1: loss = 223323.2947075402, delta_loss = -223323.2947075402
22/07/26 21:30:52 INFO SLIMRecommender: SLIMRecommender iter 2: loss = 29075.371225255585, delta_loss = 194247.9234822846
22/07/26 21:30:53 INFO SLIMRecommender: SLIMRecommender iter 3: loss = 24379.759936365943, delta_loss = 4695.611288889642
22/07/26 21:30:55 INFO SLIMRecommender: SLIMRecommender iter 4: loss = 23885.905859354913, delta_loss = 493.8540770110303
22/07/26 21:30:56 INFO SLIMRecommender: SLIMRecommender iter 5: loss = 23884.85552555095, delta_loss = 1.05033380396344
22/07/26 21:30:57 INFO SLIMRecommender: SLIMRecommender iter 6: loss = 23889.78493651977, delta_loss = -4.929410968819866
22/07/26 21:30:57 INFO SLIMRecommender: Job Train completed.
22/07/26 21:30:57 INFO RecommenderJob: ExpCMD: COMPLETE
22/07/26 21:30:57 INFO RecommenderJob: EvalCMD: START
22/07/26 21:30:57 INFO SLIMRecommender: begin recommend
22/07/26 21:30:58 INFO SLIMRecommender: end recommend
22/07/26 21:30:58 INFO RecommenderJob: Evaluator info:NormalizedDCGEvaluator is 0.023928598955382296
22/07/26 21:30:58 INFO SLIMRecommender: begin recommend
22/07/26 21:30:59 INFO SLIMRecommender: end recommend
22/07/26 21:30:59 INFO RecommenderJob: Result path is exp00001/result/out-1.txt
22/07/26 21:30:59 INFO RecommenderJob: EvalCMD: COMPLETE.
22/07/26 21:30:59 INFO TextDataConvertor: Dataset: [data/split/cv_2/train.txt]
22/07/26 21:30:59 INFO TextDataConvertor: DataSet: data/split/cv_2/train.txt is finished
22/07/26 21:30:59 INFO TextDataConvertor: rating Scale: [3.0, 4.0, 5.0]
22/07/26 21:30:59 INFO TextDataConvertor: user number: 4005,	 item number is: 2673
22/07/26 21:30:59 INFO TextDataModel: Transform data to Convertor successfully!
22/07/26 21:30:59 INFO TextDataConvertor: Dataset: [data/split/cv_2/test.txt]
22/07/26 21:30:59 INFO TextDataConvertor: DataSet: data/split/cv_2/test.txt is finished
22/07/26 21:30:59 INFO TextDataConvertor: rating Scale: [3.0, 4.0, 5.0]
22/07/26 21:30:59 INFO TextDataConvertor: user number: 4005,	 item number is: 2673
22/07/26 21:30:59 INFO TextDataModel: Split data to train Set and test Set successfully!
22/07/26 21:30:59 INFO TextDataModel: Data cardinality of training is 73581
22/07/26 21:30:59 INFO TextDataModel: Data cardinality of testing is 36790
22/07/26 21:30:59 INFO TextDataModel: Feature appender loaded successfully!
22/07/26 21:30:59 INFO RecommenderJob: ExpCMD: START - Executing recommender job on 2.
22/07/26 21:31:01 INFO SLIMRecommender: Job Setup completed.
22/07/26 21:31:02 INFO SLIMRecommender: SLIMRecommender iter 1: loss = 211123.8005421006, delta_loss = -211123.8005421006
22/07/26 21:31:03 INFO SLIMRecommender: SLIMRecommender iter 2: loss = 28882.192235605988, delta_loss = 182241.6083064946
22/07/26 21:31:04 INFO SLIMRecommender: SLIMRecommender iter 3: loss = 24186.33625511868, delta_loss = 4695.8559804873075
22/07/26 21:31:06 INFO SLIMRecommender: SLIMRecommender iter 4: loss = 23684.249411769575, delta_loss = 502.08684334910504
22/07/26 21:31:07 INFO SLIMRecommender: SLIMRecommender iter 5: loss = 23671.761356000407, delta_loss = 12.488055769168568
22/07/26 21:31:08 INFO SLIMRecommender: SLIMRecommender iter 6: loss = 23679.139877554117, delta_loss = -7.378521553710016
22/07/26 21:31:08 INFO SLIMRecommender: Job Train completed.
22/07/26 21:31:08 INFO RecommenderJob: ExpCMD: COMPLETE
22/07/26 21:31:08 INFO RecommenderJob: EvalCMD: START
22/07/26 21:31:08 INFO SLIMRecommender: begin recommend
22/07/26 21:31:09 INFO SLIMRecommender: end recommend
22/07/26 21:31:09 INFO RecommenderJob: Evaluator info:NormalizedDCGEvaluator is 0.02353137995136628
22/07/26 21:31:09 INFO SLIMRecommender: begin recommend
22/07/26 21:31:09 INFO SLIMRecommender: end recommend
22/07/26 21:31:09 INFO RecommenderJob: Result path is exp00001/result/out-2.txt
22/07/26 21:31:09 INFO RecommenderJob: EvalCMD: COMPLETE.
22/07/26 21:31:09 INFO TextDataConvertor: Dataset: [data/split/cv_3/train.txt]
22/07/26 21:31:09 INFO TextDataConvertor: DataSet: data/split/cv_3/train.txt is finished
22/07/26 21:31:09 INFO TextDataConvertor: rating Scale: [3.0, 4.0, 5.0]
22/07/26 21:31:09 INFO TextDataConvertor: user number: 4005,	 item number is: 2673
22/07/26 21:31:09 INFO TextDataModel: Transform data to Convertor successfully!
22/07/26 21:31:09 INFO TextDataConvertor: Dataset: [data/split/cv_3/test.txt]
22/07/26 21:31:09 INFO TextDataConvertor: DataSet: data/split/cv_3/test.txt is finished
22/07/26 21:31:09 INFO TextDataConvertor: rating Scale: [3.0, 4.0, 5.0]
22/07/26 21:31:09 INFO TextDataConvertor: user number: 4005,	 item number is: 2673
22/07/26 21:31:09 INFO TextDataModel: Split data to train Set and test Set successfully!
22/07/26 21:31:09 INFO TextDataModel: Data cardinality of training is 73581
22/07/26 21:31:09 INFO TextDataModel: Data cardinality of testing is 36790
22/07/26 21:31:09 INFO TextDataModel: Feature appender loaded successfully!
22/07/26 21:31:09 INFO RecommenderJob: ExpCMD: START - Executing recommender job on 3.
22/07/26 21:31:11 INFO SLIMRecommender: Job Setup completed.
22/07/26 21:31:13 INFO SLIMRecommender: SLIMRecommender iter 1: loss = 245880.3776790968, delta_loss = -245880.3776790968
22/07/26 21:31:14 INFO SLIMRecommender: SLIMRecommender iter 2: loss = 32256.659220409514, delta_loss = 213623.71845868728
22/07/26 21:31:15 INFO SLIMRecommender: SLIMRecommender iter 3: loss = 24606.87343649868, delta_loss = 7649.785783910833
22/07/26 21:31:16 INFO SLIMRecommender: SLIMRecommender iter 4: loss = 23958.7559958963, delta_loss = 648.117440602382
22/07/26 21:31:18 INFO SLIMRecommender: SLIMRecommender iter 5: loss = 23962.149203399862, delta_loss = -3.393207503562735
22/07/26 21:31:18 INFO SLIMRecommender: Job Train completed.
22/07/26 21:31:18 INFO RecommenderJob: ExpCMD: COMPLETE
22/07/26 21:31:18 INFO RecommenderJob: EvalCMD: START
22/07/26 21:31:18 INFO SLIMRecommender: begin recommend
22/07/26 21:31:18 INFO SLIMRecommender: end recommend
22/07/26 21:31:18 INFO RecommenderJob: Evaluator info:NormalizedDCGEvaluator is 0.024834503832482466
22/07/26 21:31:18 INFO SLIMRecommender: begin recommend
22/07/26 21:31:19 INFO SLIMRecommender: end recommend
22/07/26 21:31:19 INFO RecommenderJob: Result path is exp00001/result/out-3.txt
22/07/26 21:31:19 INFO RecommenderJob: EvalCMD: COMPLETE.
