22/08/11 08:59:00 INFO TextDataConvertor: Dataset: [data/rating_5000_cls_hc_10core_iterative.csv]
22/08/11 08:59:01 INFO TextDataConvertor: DataSet: ...ng_5000_cls_hc_10core_iterative.csv is finished
22/08/11 08:59:01 INFO TextDataConvertor: rating Scale (real): 3.0 to 5.0
22/08/11 08:59:01 INFO TextDataConvertor: user number: 4005,	 item number is: 2673
22/08/11 08:59:01 INFO TextDataModel: Transform data to Convertor successfully!
22/08/11 08:59:03 INFO TextDataModel: Split data to train Set and test Set successfully!
22/08/11 08:59:04 INFO TextDataModel: Feature appender loaded successfully!
22/08/11 08:59:04 INFO TextDataConvertor: Dataset: [data/split/cv_1/train.txt]
22/08/11 08:59:04 INFO TextDataConvertor: DataSet: data/split/cv_1/train.txt is finished
22/08/11 08:59:04 INFO TextDataConvertor: rating Scale (real): 3.0 to 5.0
22/08/11 08:59:04 INFO TextDataConvertor: user number: 4005,	 item number is: 2673
22/08/11 08:59:04 INFO TextDataModel: Transform data to Convertor successfully!
22/08/11 08:59:04 INFO TextDataConvertor: Dataset: [data/split/cv_1/test.txt]
22/08/11 08:59:04 INFO TextDataConvertor: DataSet: data/split/cv_1/test.txt is finished
22/08/11 08:59:04 INFO TextDataConvertor: rating Scale (real): 3.0 to 5.0
22/08/11 08:59:04 INFO TextDataConvertor: user number: 4005,	 item number is: 2673
22/08/11 08:59:05 INFO TextDataModel: Split data to train Set and test Set successfully!
22/08/11 08:59:05 INFO TextDataModel: Data cardinality of training is 73580
22/08/11 08:59:05 INFO TextDataModel: Data cardinality of testing is 36791
22/08/11 08:59:05 INFO TextDataModel: Feature appender loaded successfully!
22/08/11 08:59:05 INFO OracleAlgo: Job Setup completed.
** Training model in OracleAlgo **
22/08/11 08:59:05 INFO TextDataConvertor: Dataset: [exp00002/result/out-1.txt]
22/08/11 08:59:06 INFO TextDataConvertor: DataSet: exp00002/result/out-1.txt is finished
22/08/11 08:59:06 INFO TextDataConvertor: user number: 4005,	 item number is: 2673
22/08/11 08:59:06 INFO OracleAlgo: Job Train completed.
22/08/11 08:59:06 INFO OracleAlgo: begin recommend
22/08/11 08:59:07 INFO OracleAlgo: end recommend
22/08/11 08:59:08 INFO RecommenderJob: Evaluator info:NormalizedDCGEvaluator is 0.06707480232929845
22/08/11 08:59:08 INFO RecommenderJob: Evaluator info:PStatisticalParityEvaluator is -0.7486359077232182
22/08/11 08:59:08 INFO TextDataConvertor: Dataset: [data/split/cv_2/train.txt]
22/08/11 08:59:08 INFO TextDataConvertor: DataSet: data/split/cv_2/train.txt is finished
22/08/11 08:59:08 INFO TextDataConvertor: rating Scale (real): 3.0 to 5.0
22/08/11 08:59:08 INFO TextDataConvertor: user number: 4005,	 item number is: 2673
22/08/11 08:59:08 INFO TextDataModel: Transform data to Convertor successfully!
22/08/11 08:59:08 INFO TextDataConvertor: Dataset: [data/split/cv_2/test.txt]
22/08/11 08:59:08 INFO TextDataConvertor: DataSet: data/split/cv_2/test.txt is finished
22/08/11 08:59:08 INFO TextDataConvertor: rating Scale (real): 3.0 to 5.0
22/08/11 08:59:08 INFO TextDataConvertor: user number: 4005,	 item number is: 2673
22/08/11 08:59:09 INFO TextDataModel: Split data to train Set and test Set successfully!
22/08/11 08:59:09 INFO TextDataModel: Data cardinality of training is 73581
22/08/11 08:59:09 INFO TextDataModel: Data cardinality of testing is 36790
22/08/11 08:59:09 INFO TextDataModel: Feature appender loaded successfully!
22/08/11 08:59:09 INFO OracleAlgo: Job Setup completed.
** Training model in OracleAlgo **
22/08/11 08:59:09 INFO TextDataConvertor: Dataset: [exp00002/result/out-2.txt]
22/08/11 08:59:09 INFO TextDataConvertor: DataSet: exp00002/result/out-2.txt is finished
22/08/11 08:59:09 INFO TextDataConvertor: user number: 4005,	 item number is: 2673
22/08/11 08:59:09 INFO OracleAlgo: Job Train completed.
22/08/11 08:59:09 INFO OracleAlgo: begin recommend
22/08/11 08:59:10 INFO OracleAlgo: end recommend
22/08/11 08:59:10 INFO RecommenderJob: Evaluator info:NormalizedDCGEvaluator is 0.06180686972659175
22/08/11 08:59:10 INFO RecommenderJob: Evaluator info:PStatisticalParityEvaluator is -0.7617068273092885
22/08/11 08:59:10 INFO TextDataConvertor: Dataset: [data/split/cv_3/train.txt]
22/08/11 08:59:11 INFO TextDataConvertor: DataSet: data/split/cv_3/train.txt is finished
22/08/11 08:59:11 INFO TextDataConvertor: rating Scale (real): 3.0 to 5.0
22/08/11 08:59:11 INFO TextDataConvertor: user number: 4005,	 item number is: 2673
22/08/11 08:59:11 INFO TextDataModel: Transform data to Convertor successfully!
22/08/11 08:59:11 INFO TextDataConvertor: Dataset: [data/split/cv_3/test.txt]
22/08/11 08:59:11 INFO TextDataConvertor: DataSet: data/split/cv_3/test.txt is finished
22/08/11 08:59:11 INFO TextDataConvertor: rating Scale (real): 3.0 to 5.0
22/08/11 08:59:11 INFO TextDataConvertor: user number: 4005,	 item number is: 2673
22/08/11 08:59:11 INFO TextDataModel: Split data to train Set and test Set successfully!
22/08/11 08:59:11 INFO TextDataModel: Data cardinality of training is 73581
22/08/11 08:59:11 INFO TextDataModel: Data cardinality of testing is 36790
22/08/11 08:59:11 INFO TextDataModel: Feature appender loaded successfully!
22/08/11 08:59:11 INFO OracleAlgo: Job Setup completed.
** Training model in OracleAlgo **
22/08/11 08:59:11 INFO TextDataConvertor: Dataset: [exp00002/result/out-3.txt]
22/08/11 08:59:12 INFO TextDataConvertor: DataSet: exp00002/result/out-3.txt is finished
22/08/11 08:59:12 INFO TextDataConvertor: user number: 4005,	 item number is: 2673
22/08/11 08:59:12 INFO OracleAlgo: Job Train completed.
22/08/11 08:59:12 INFO OracleAlgo: begin recommend
22/08/11 08:59:13 INFO OracleAlgo: end recommend
22/08/11 08:59:13 INFO RecommenderJob: Evaluator info:NormalizedDCGEvaluator is 0.057229077635461104
22/08/11 08:59:13 INFO RecommenderJob: Evaluator info:PStatisticalParityEvaluator is -0.7693811074919097
