22/08/10 03:34:44 INFO TextDataConvertor: Dataset: [data/rating_5000_cls_hc_10core_iterative.csv]
22/08/10 03:34:45 INFO TextDataConvertor: DataSet: ...ng_5000_cls_hc_10core_iterative.csv is finished
22/08/10 03:34:45 INFO TextDataConvertor: rating Scale (real): 3.0 to 5.0
22/08/10 03:34:45 INFO TextDataConvertor: user number: 4005,	 item number is: 2673
22/08/10 03:34:45 INFO TextDataModel: Transform data to Convertor successfully!
22/08/10 03:34:46 INFO TextDataModel: Split data to train Set and test Set successfully!
22/08/10 03:34:46 INFO TextDataModel: Feature appender loaded successfully!
22/08/10 03:34:46 INFO TextDataConvertor: Dataset: [data/split/cv_1/train.txt]
22/08/10 03:34:47 INFO TextDataConvertor: DataSet: data/split/cv_1/train.txt is finished
22/08/10 03:34:47 INFO TextDataConvertor: rating Scale (real): 3.0 to 5.0
22/08/10 03:34:47 INFO TextDataConvertor: user number: 4005,	 item number is: 2673
22/08/10 03:34:47 INFO TextDataModel: Transform data to Convertor successfully!
22/08/10 03:34:47 INFO TextDataConvertor: Dataset: [data/split/cv_1/test.txt]
22/08/10 03:34:47 INFO TextDataConvertor: DataSet: data/split/cv_1/test.txt is finished
22/08/10 03:34:47 INFO TextDataConvertor: rating Scale (real): 3.0 to 5.0
22/08/10 03:34:47 INFO TextDataConvertor: user number: 4005,	 item number is: 2673
22/08/10 03:34:47 INFO TextDataModel: Split data to train Set and test Set successfully!
22/08/10 03:34:47 INFO TextDataModel: Data cardinality of training is 73580
22/08/10 03:34:47 INFO TextDataModel: Data cardinality of testing is 36791
22/08/10 03:34:47 INFO TextDataModel: Feature appender loaded successfully!
22/08/10 03:34:47 INFO OracleAlgo: Job Setup completed.
** Training model in OracleAlgo **
22/08/10 03:34:47 INFO TextDataConvertor: Dataset: [exp00002/result/out-1.txt]
22/08/10 03:34:47 INFO TextDataConvertor: DataSet: exp00002/result/out-1.txt is finished
22/08/10 03:34:47 INFO TextDataConvertor: user number: 4005,	 item number is: 2673
22/08/10 03:34:47 INFO OracleAlgo: Job Train completed.
22/08/10 03:34:47 INFO OracleAlgo: begin recommend
22/08/10 03:34:48 INFO OracleAlgo: end recommend
22/08/10 03:34:48 INFO RecommenderJob: Evaluator info:NormalizedDCGEvaluator is 0.03461141935792415
22/08/10 03:34:49 INFO RecommenderJob: Evaluator info:PStatisticalParityEvaluator is -0.7268906720160957
22/08/10 03:34:49 INFO TextDataConvertor: Dataset: [data/split/cv_2/train.txt]
22/08/10 03:34:49 INFO TextDataConvertor: DataSet: data/split/cv_2/train.txt is finished
22/08/10 03:34:49 INFO TextDataConvertor: rating Scale (real): 3.0 to 5.0
22/08/10 03:34:49 INFO TextDataConvertor: user number: 4005,	 item number is: 2673
22/08/10 03:34:49 INFO TextDataModel: Transform data to Convertor successfully!
22/08/10 03:34:49 INFO TextDataConvertor: Dataset: [data/split/cv_2/test.txt]
22/08/10 03:34:49 INFO TextDataConvertor: DataSet: data/split/cv_2/test.txt is finished
22/08/10 03:34:49 INFO TextDataConvertor: rating Scale (real): 3.0 to 5.0
22/08/10 03:34:49 INFO TextDataConvertor: user number: 4005,	 item number is: 2673
22/08/10 03:34:49 INFO TextDataModel: Split data to train Set and test Set successfully!
22/08/10 03:34:49 INFO TextDataModel: Data cardinality of training is 73581
22/08/10 03:34:49 INFO TextDataModel: Data cardinality of testing is 36790
22/08/10 03:34:49 INFO TextDataModel: Feature appender loaded successfully!
22/08/10 03:34:49 INFO OracleAlgo: Job Setup completed.
** Training model in OracleAlgo **
22/08/10 03:34:49 INFO TextDataConvertor: Dataset: [exp00002/result/out-2.txt]
22/08/10 03:34:49 INFO TextDataConvertor: DataSet: exp00002/result/out-2.txt is finished
22/08/10 03:34:49 INFO TextDataConvertor: user number: 4005,	 item number is: 2673
22/08/10 03:34:49 INFO OracleAlgo: Job Train completed.
22/08/10 03:34:49 INFO OracleAlgo: begin recommend
22/08/10 03:34:50 INFO OracleAlgo: end recommend
22/08/10 03:34:50 INFO RecommenderJob: Evaluator info:NormalizedDCGEvaluator is 0.036132869955568137
22/08/10 03:34:50 INFO RecommenderJob: Evaluator info:PStatisticalParityEvaluator is -0.7331224899598914
22/08/10 03:34:50 INFO TextDataConvertor: Dataset: [data/split/cv_3/train.txt]
22/08/10 03:34:50 INFO TextDataConvertor: DataSet: data/split/cv_3/train.txt is finished
22/08/10 03:34:50 INFO TextDataConvertor: rating Scale (real): 3.0 to 5.0
22/08/10 03:34:50 INFO TextDataConvertor: user number: 4005,	 item number is: 2673
22/08/10 03:34:50 INFO TextDataModel: Transform data to Convertor successfully!
22/08/10 03:34:50 INFO TextDataConvertor: Dataset: [data/split/cv_3/test.txt]
22/08/10 03:34:50 INFO TextDataConvertor: DataSet: data/split/cv_3/test.txt is finished
22/08/10 03:34:50 INFO TextDataConvertor: rating Scale (real): 3.0 to 5.0
22/08/10 03:34:50 INFO TextDataConvertor: user number: 4005,	 item number is: 2673
22/08/10 03:34:50 INFO TextDataModel: Split data to train Set and test Set successfully!
22/08/10 03:34:50 INFO TextDataModel: Data cardinality of training is 73581
22/08/10 03:34:50 INFO TextDataModel: Data cardinality of testing is 36790
22/08/10 03:34:50 INFO TextDataModel: Feature appender loaded successfully!
22/08/10 03:34:50 INFO OracleAlgo: Job Setup completed.
** Training model in OracleAlgo **
22/08/10 03:34:50 INFO TextDataConvertor: Dataset: [exp00002/result/out-3.txt]
22/08/10 03:34:50 INFO TextDataConvertor: DataSet: exp00002/result/out-3.txt is finished
22/08/10 03:34:50 INFO TextDataConvertor: user number: 4005,	 item number is: 2673
22/08/10 03:34:50 INFO OracleAlgo: Job Train completed.
22/08/10 03:34:50 INFO OracleAlgo: begin recommend
22/08/10 03:34:51 INFO OracleAlgo: end recommend
22/08/10 03:34:51 INFO RecommenderJob: Evaluator info:NormalizedDCGEvaluator is 0.035614788857135614
22/08/10 03:34:51 INFO RecommenderJob: Evaluator info:PStatisticalParityEvaluator is -0.7387421698822909
