22/08/05 22:29:12 INFO TextDataConvertor: Dataset: [data/rating_5000_cls_hc_10core_iterative.csv]
22/08/05 22:29:16 INFO TextDataConvertor: DataSet: ...ng_5000_cls_hc_10core_iterative.csv is finished
22/08/05 22:29:17 INFO TextDataConvertor: rating Scale (real): 3.0 to 5.0
22/08/05 22:29:17 INFO TextDataConvertor: user number: 4005,	 item number is: 2673
22/08/05 22:29:17 INFO TextDataModel: Transform data to Convertor successfully!
22/08/05 22:29:21 INFO TextDataModel: Split data to train Set and test Set successfully!
22/08/05 22:29:22 INFO TextDataModel: Feature appender loaded successfully!
22/08/05 22:29:22 INFO TextDataConvertor: Dataset: [data/split/cv_1/train.txt]
22/08/05 22:29:23 INFO TextDataConvertor: DataSet: data/split/cv_1/train.txt is finished
22/08/05 22:29:23 INFO TextDataConvertor: rating Scale (real): 3.0 to 5.0
22/08/05 22:29:23 INFO TextDataConvertor: user number: 4005,	 item number is: 2673
22/08/05 22:29:23 INFO TextDataModel: Transform data to Convertor successfully!
22/08/05 22:29:23 INFO TextDataConvertor: Dataset: [data/split/cv_1/test.txt]
22/08/05 22:29:23 INFO TextDataConvertor: DataSet: data/split/cv_1/test.txt is finished
22/08/05 22:29:23 INFO TextDataConvertor: rating Scale (real): 3.0 to 5.0
22/08/05 22:29:23 INFO TextDataConvertor: user number: 4005,	 item number is: 2673
22/08/05 22:29:24 INFO TextDataModel: Split data to train Set and test Set successfully!
22/08/05 22:29:24 INFO TextDataModel: Data cardinality of training is 73580
22/08/05 22:29:24 INFO TextDataModel: Data cardinality of testing is 36791
22/08/05 22:29:25 INFO TextDataModel: Feature appender loaded successfully!
22/08/05 22:29:25 INFO OracleAlgo: Job Setup completed.
** Training model in OracleAlgo **
22/08/05 22:29:25 INFO TextDataConvertor: Dataset: [exp00002/result/out-1.txt]
22/08/05 22:29:26 INFO TextDataConvertor: DataSet: exp00002/result/out-1.txt is finished
22/08/05 22:29:26 INFO TextDataConvertor: user number: 4005,	 item number is: 2673
22/08/05 22:29:27 INFO OracleAlgo: Job Train completed.
22/08/05 22:29:27 INFO OracleAlgo: begin recommend
22/08/05 22:29:30 INFO OracleAlgo: end recommend
22/08/05 22:29:30 INFO RecommenderJob: Evaluator info:NormalizedDCGEvaluator is 0.03461141935792415
22/08/05 22:29:30 INFO RecommenderJob: Evaluator info:PStatisticalParityEvaluator is -0.7268906720160957
22/08/05 22:29:30 INFO TextDataConvertor: Dataset: [data/split/cv_2/train.txt]
22/08/05 22:29:31 INFO TextDataConvertor: DataSet: data/split/cv_2/train.txt is finished
22/08/05 22:29:31 INFO TextDataConvertor: rating Scale (real): 3.0 to 5.0
22/08/05 22:29:31 INFO TextDataConvertor: user number: 4005,	 item number is: 2673
22/08/05 22:29:31 INFO TextDataModel: Transform data to Convertor successfully!
22/08/05 22:29:31 INFO TextDataConvertor: Dataset: [data/split/cv_2/test.txt]
22/08/05 22:29:31 INFO TextDataConvertor: DataSet: data/split/cv_2/test.txt is finished
22/08/05 22:29:31 INFO TextDataConvertor: rating Scale (real): 3.0 to 5.0
22/08/05 22:29:31 INFO TextDataConvertor: user number: 4005,	 item number is: 2673
22/08/05 22:29:32 INFO TextDataModel: Split data to train Set and test Set successfully!
22/08/05 22:29:32 INFO TextDataModel: Data cardinality of training is 73581
22/08/05 22:29:32 INFO TextDataModel: Data cardinality of testing is 36790
22/08/05 22:29:32 INFO TextDataModel: Feature appender loaded successfully!
22/08/05 22:29:33 INFO OracleAlgo: Job Setup completed.
** Training model in OracleAlgo **
22/08/05 22:29:33 INFO TextDataConvertor: Dataset: [exp00002/result/out-2.txt]
22/08/05 22:29:33 INFO TextDataConvertor: DataSet: exp00002/result/out-2.txt is finished
22/08/05 22:29:33 INFO TextDataConvertor: user number: 4005,	 item number is: 2673
22/08/05 22:29:33 INFO OracleAlgo: Job Train completed.
22/08/05 22:29:33 INFO OracleAlgo: begin recommend
22/08/05 22:29:36 INFO OracleAlgo: end recommend
22/08/05 22:29:36 INFO RecommenderJob: Evaluator info:NormalizedDCGEvaluator is 0.036132869955568137
22/08/05 22:29:36 INFO RecommenderJob: Evaluator info:PStatisticalParityEvaluator is -0.7331224899598914
22/08/05 22:29:36 INFO TextDataConvertor: Dataset: [data/split/cv_3/train.txt]
22/08/05 22:29:37 INFO TextDataConvertor: DataSet: data/split/cv_3/train.txt is finished
22/08/05 22:29:37 INFO TextDataConvertor: rating Scale (real): 3.0 to 5.0
22/08/05 22:29:37 INFO TextDataConvertor: user number: 4005,	 item number is: 2673
22/08/05 22:29:37 INFO TextDataModel: Transform data to Convertor successfully!
22/08/05 22:29:37 INFO TextDataConvertor: Dataset: [data/split/cv_3/test.txt]
22/08/05 22:29:37 INFO TextDataConvertor: DataSet: data/split/cv_3/test.txt is finished
22/08/05 22:29:37 INFO TextDataConvertor: rating Scale (real): 3.0 to 5.0
22/08/05 22:29:37 INFO TextDataConvertor: user number: 4005,	 item number is: 2673
22/08/05 22:29:38 INFO TextDataModel: Split data to train Set and test Set successfully!
22/08/05 22:29:38 INFO TextDataModel: Data cardinality of training is 73581
22/08/05 22:29:38 INFO TextDataModel: Data cardinality of testing is 36790
22/08/05 22:29:38 INFO TextDataModel: Feature appender loaded successfully!
22/08/05 22:29:38 INFO OracleAlgo: Job Setup completed.
** Training model in OracleAlgo **
22/08/05 22:29:38 INFO TextDataConvertor: Dataset: [exp00002/result/out-3.txt]
22/08/05 22:29:39 INFO TextDataConvertor: DataSet: exp00002/result/out-3.txt is finished
22/08/05 22:29:39 INFO TextDataConvertor: user number: 4005,	 item number is: 2673
22/08/05 22:29:39 INFO OracleAlgo: Job Train completed.
22/08/05 22:29:39 INFO OracleAlgo: begin recommend
22/08/05 22:29:41 INFO OracleAlgo: end recommend
22/08/05 22:29:41 INFO RecommenderJob: Evaluator info:NormalizedDCGEvaluator is 0.035614788857135614
22/08/05 22:29:42 INFO RecommenderJob: Evaluator info:PStatisticalParityEvaluator is -0.7387421698822909
