22/08/05 22:41:19 INFO TextDataConvertor: Dataset: [data/rating_5000_cls_hc_10core_iterative.csv]
22/08/05 22:41:22 INFO TextDataConvertor: DataSet: ...ng_5000_cls_hc_10core_iterative.csv is finished
22/08/05 22:41:23 INFO TextDataConvertor: rating Scale (real): 3.0 to 5.0
22/08/05 22:41:23 INFO TextDataConvertor: user number: 4005,	 item number is: 2673
22/08/05 22:41:23 INFO TextDataModel: Transform data to Convertor successfully!
22/08/05 22:41:26 INFO TextDataModel: Split data to train Set and test Set successfully!
22/08/05 22:41:28 INFO TextDataModel: Feature appender loaded successfully!
22/08/05 22:41:28 INFO TextDataConvertor: Dataset: [data/split/cv_1/train.txt]
22/08/05 22:41:29 INFO TextDataConvertor: DataSet: data/split/cv_1/train.txt is finished
22/08/05 22:41:29 INFO TextDataConvertor: rating Scale (real): 3.0 to 5.0
22/08/05 22:41:29 INFO TextDataConvertor: user number: 4005,	 item number is: 2673
22/08/05 22:41:29 INFO TextDataModel: Transform data to Convertor successfully!
22/08/05 22:41:29 INFO TextDataConvertor: Dataset: [data/split/cv_1/test.txt]
22/08/05 22:41:29 INFO TextDataConvertor: DataSet: data/split/cv_1/test.txt is finished
22/08/05 22:41:29 INFO TextDataConvertor: rating Scale (real): 3.0 to 5.0
22/08/05 22:41:29 INFO TextDataConvertor: user number: 4005,	 item number is: 2673
22/08/05 22:41:30 INFO TextDataModel: Split data to train Set and test Set successfully!
22/08/05 22:41:30 INFO TextDataModel: Data cardinality of training is 73580
22/08/05 22:41:30 INFO TextDataModel: Data cardinality of testing is 36791
22/08/05 22:41:31 INFO TextDataModel: Feature appender loaded successfully!
22/08/05 22:41:31 INFO OracleAlgo: Job Setup completed.
** Training model in OracleAlgo **
22/08/05 22:41:31 INFO TextDataConvertor: Dataset: [exp00024/result/out-1.txt]
22/08/05 22:41:32 INFO TextDataConvertor: DataSet: exp00024/result/out-1.txt is finished
22/08/05 22:41:32 INFO TextDataConvertor: user number: 4005,	 item number is: 2673
22/08/05 22:41:32 INFO OracleAlgo: Job Train completed.
22/08/05 22:41:32 INFO OracleAlgo: begin recommend
22/08/05 22:41:35 INFO OracleAlgo: end recommend
22/08/05 22:41:36 INFO RecommenderJob: Evaluator info:NormalizedDCGEvaluator is 0.03244754261792929
22/08/05 22:41:36 INFO RecommenderJob: Evaluator info:PStatisticalParityEvaluator is -0.7568104312939354
22/08/05 22:41:36 INFO TextDataConvertor: Dataset: [data/split/cv_2/train.txt]
22/08/05 22:41:37 INFO TextDataConvertor: DataSet: data/split/cv_2/train.txt is finished
22/08/05 22:41:37 INFO TextDataConvertor: rating Scale (real): 3.0 to 5.0
22/08/05 22:41:37 INFO TextDataConvertor: user number: 4005,	 item number is: 2673
22/08/05 22:41:37 INFO TextDataModel: Transform data to Convertor successfully!
22/08/05 22:41:37 INFO TextDataConvertor: Dataset: [data/split/cv_2/test.txt]
22/08/05 22:41:37 INFO TextDataConvertor: DataSet: data/split/cv_2/test.txt is finished
22/08/05 22:41:37 INFO TextDataConvertor: rating Scale (real): 3.0 to 5.0
22/08/05 22:41:37 INFO TextDataConvertor: user number: 4005,	 item number is: 2673
22/08/05 22:41:38 INFO TextDataModel: Split data to train Set and test Set successfully!
22/08/05 22:41:38 INFO TextDataModel: Data cardinality of training is 73581
22/08/05 22:41:38 INFO TextDataModel: Data cardinality of testing is 36790
22/08/05 22:41:39 INFO TextDataModel: Feature appender loaded successfully!
22/08/05 22:41:39 INFO OracleAlgo: Job Setup completed.
** Training model in OracleAlgo **
22/08/05 22:41:39 INFO TextDataConvertor: Dataset: [exp00024/result/out-2.txt]
22/08/05 22:41:39 INFO TextDataConvertor: DataSet: exp00024/result/out-2.txt is finished
22/08/05 22:41:39 INFO TextDataConvertor: user number: 4005,	 item number is: 2673
22/08/05 22:41:39 INFO OracleAlgo: Job Train completed.
22/08/05 22:41:39 INFO OracleAlgo: begin recommend
22/08/05 22:41:42 INFO OracleAlgo: end recommend
22/08/05 22:41:42 INFO RecommenderJob: Evaluator info:NormalizedDCGEvaluator is 0.03474864247400503
22/08/05 22:41:42 INFO RecommenderJob: Evaluator info:PStatisticalParityEvaluator is -0.7568875502008575
22/08/05 22:41:42 INFO TextDataConvertor: Dataset: [data/split/cv_3/train.txt]
22/08/05 22:41:43 INFO TextDataConvertor: DataSet: data/split/cv_3/train.txt is finished
22/08/05 22:41:43 INFO TextDataConvertor: rating Scale (real): 3.0 to 5.0
22/08/05 22:41:43 INFO TextDataConvertor: user number: 4005,	 item number is: 2673
22/08/05 22:41:43 INFO TextDataModel: Transform data to Convertor successfully!
22/08/05 22:41:43 INFO TextDataConvertor: Dataset: [data/split/cv_3/test.txt]
22/08/05 22:41:43 INFO TextDataConvertor: DataSet: data/split/cv_3/test.txt is finished
22/08/05 22:41:43 INFO TextDataConvertor: rating Scale (real): 3.0 to 5.0
22/08/05 22:41:43 INFO TextDataConvertor: user number: 4005,	 item number is: 2673
22/08/05 22:41:44 INFO TextDataModel: Split data to train Set and test Set successfully!
22/08/05 22:41:44 INFO TextDataModel: Data cardinality of training is 73581
22/08/05 22:41:44 INFO TextDataModel: Data cardinality of testing is 36790
22/08/05 22:41:44 INFO TextDataModel: Feature appender loaded successfully!
22/08/05 22:41:44 INFO OracleAlgo: Job Setup completed.
** Training model in OracleAlgo **
22/08/05 22:41:44 INFO TextDataConvertor: Dataset: [exp00024/result/out-3.txt]
22/08/05 22:41:45 INFO TextDataConvertor: DataSet: exp00024/result/out-3.txt is finished
22/08/05 22:41:45 INFO TextDataConvertor: user number: 4005,	 item number is: 2673
22/08/05 22:41:45 INFO OracleAlgo: Job Train completed.
22/08/05 22:41:45 INFO OracleAlgo: begin recommend
22/08/05 22:41:48 INFO OracleAlgo: end recommend
22/08/05 22:41:48 INFO RecommenderJob: Evaluator info:NormalizedDCGEvaluator is 0.032298248956614456
22/08/05 22:41:48 INFO RecommenderJob: Evaluator info:PStatisticalParityEvaluator is -0.7586770233024842
