22/08/05 22:33:35 INFO TextDataConvertor: Dataset: [data/rating_5000_cls_hc_10core_iterative.csv]
22/08/05 22:33:38 INFO TextDataConvertor: DataSet: ...ng_5000_cls_hc_10core_iterative.csv is finished
22/08/05 22:33:39 INFO TextDataConvertor: rating Scale (real): 3.0 to 5.0
22/08/05 22:33:39 INFO TextDataConvertor: user number: 4005,	 item number is: 2673
22/08/05 22:33:39 INFO TextDataModel: Transform data to Convertor successfully!
22/08/05 22:33:42 INFO TextDataModel: Split data to train Set and test Set successfully!
22/08/05 22:33:44 INFO TextDataModel: Feature appender loaded successfully!
22/08/05 22:33:44 INFO TextDataConvertor: Dataset: [data/split/cv_1/train.txt]
22/08/05 22:33:45 INFO TextDataConvertor: DataSet: data/split/cv_1/train.txt is finished
22/08/05 22:33:45 INFO TextDataConvertor: rating Scale (real): 3.0 to 5.0
22/08/05 22:33:45 INFO TextDataConvertor: user number: 4005,	 item number is: 2673
22/08/05 22:33:45 INFO TextDataModel: Transform data to Convertor successfully!
22/08/05 22:33:45 INFO TextDataConvertor: Dataset: [data/split/cv_1/test.txt]
22/08/05 22:33:46 INFO TextDataConvertor: DataSet: data/split/cv_1/test.txt is finished
22/08/05 22:33:46 INFO TextDataConvertor: rating Scale (real): 3.0 to 5.0
22/08/05 22:33:46 INFO TextDataConvertor: user number: 4005,	 item number is: 2673
22/08/05 22:33:47 INFO TextDataModel: Split data to train Set and test Set successfully!
22/08/05 22:33:47 INFO TextDataModel: Data cardinality of training is 73580
22/08/05 22:33:47 INFO TextDataModel: Data cardinality of testing is 36791
22/08/05 22:33:48 INFO TextDataModel: Feature appender loaded successfully!
22/08/05 22:33:48 INFO OracleAlgo: Job Setup completed.
** Training model in OracleAlgo **
22/08/05 22:33:48 INFO TextDataConvertor: Dataset: [exp00010/result/out-1.txt]
22/08/05 22:33:49 INFO TextDataConvertor: DataSet: exp00010/result/out-1.txt is finished
22/08/05 22:33:49 INFO TextDataConvertor: user number: 4005,	 item number is: 2673
22/08/05 22:33:49 INFO OracleAlgo: Job Train completed.
22/08/05 22:33:49 INFO OracleAlgo: begin recommend
22/08/05 22:33:53 INFO OracleAlgo: end recommend
22/08/05 22:33:53 INFO RecommenderJob: Evaluator info:NormalizedDCGEvaluator is 0.03588228932847757
22/08/05 22:33:54 INFO RecommenderJob: Evaluator info:PStatisticalParityEvaluator is -0.7153259779338399
22/08/05 22:33:54 INFO TextDataConvertor: Dataset: [data/split/cv_2/train.txt]
22/08/05 22:33:54 INFO TextDataConvertor: DataSet: data/split/cv_2/train.txt is finished
22/08/05 22:33:54 INFO TextDataConvertor: rating Scale (real): 3.0 to 5.0
22/08/05 22:33:54 INFO TextDataConvertor: user number: 4005,	 item number is: 2673
22/08/05 22:33:54 INFO TextDataModel: Transform data to Convertor successfully!
22/08/05 22:33:54 INFO TextDataConvertor: Dataset: [data/split/cv_2/test.txt]
22/08/05 22:33:54 INFO TextDataConvertor: DataSet: data/split/cv_2/test.txt is finished
22/08/05 22:33:54 INFO TextDataConvertor: rating Scale (real): 3.0 to 5.0
22/08/05 22:33:54 INFO TextDataConvertor: user number: 4005,	 item number is: 2673
22/08/05 22:33:55 INFO TextDataModel: Split data to train Set and test Set successfully!
22/08/05 22:33:55 INFO TextDataModel: Data cardinality of training is 73581
22/08/05 22:33:55 INFO TextDataModel: Data cardinality of testing is 36790
22/08/05 22:33:56 INFO TextDataModel: Feature appender loaded successfully!
22/08/05 22:33:56 INFO OracleAlgo: Job Setup completed.
** Training model in OracleAlgo **
22/08/05 22:33:56 INFO TextDataConvertor: Dataset: [exp00010/result/out-2.txt]
22/08/05 22:33:57 INFO TextDataConvertor: DataSet: exp00010/result/out-2.txt is finished
22/08/05 22:33:57 INFO TextDataConvertor: user number: 4005,	 item number is: 2673
22/08/05 22:33:57 INFO OracleAlgo: Job Train completed.
22/08/05 22:33:57 INFO OracleAlgo: begin recommend
22/08/05 22:33:59 INFO OracleAlgo: end recommend
22/08/05 22:33:59 INFO RecommenderJob: Evaluator info:NormalizedDCGEvaluator is 0.03711140753947615
22/08/05 22:33:59 INFO RecommenderJob: Evaluator info:PStatisticalParityEvaluator is -0.7147389558233319
22/08/05 22:33:59 INFO TextDataConvertor: Dataset: [data/split/cv_3/train.txt]
22/08/05 22:34:00 INFO TextDataConvertor: DataSet: data/split/cv_3/train.txt is finished
22/08/05 22:34:00 INFO TextDataConvertor: rating Scale (real): 3.0 to 5.0
22/08/05 22:34:00 INFO TextDataConvertor: user number: 4005,	 item number is: 2673
22/08/05 22:34:00 INFO TextDataModel: Transform data to Convertor successfully!
22/08/05 22:34:00 INFO TextDataConvertor: Dataset: [data/split/cv_3/test.txt]
22/08/05 22:34:00 INFO TextDataConvertor: DataSet: data/split/cv_3/test.txt is finished
22/08/05 22:34:00 INFO TextDataConvertor: rating Scale (real): 3.0 to 5.0
22/08/05 22:34:00 INFO TextDataConvertor: user number: 4005,	 item number is: 2673
22/08/05 22:34:01 INFO TextDataModel: Split data to train Set and test Set successfully!
22/08/05 22:34:01 INFO TextDataModel: Data cardinality of training is 73581
22/08/05 22:34:01 INFO TextDataModel: Data cardinality of testing is 36790
22/08/05 22:34:01 INFO TextDataModel: Feature appender loaded successfully!
22/08/05 22:34:01 INFO OracleAlgo: Job Setup completed.
** Training model in OracleAlgo **
22/08/05 22:34:01 INFO TextDataConvertor: Dataset: [exp00010/result/out-3.txt]
22/08/05 22:34:01 INFO TextDataConvertor: DataSet: exp00010/result/out-3.txt is finished
22/08/05 22:34:01 INFO TextDataConvertor: user number: 4005,	 item number is: 2673
22/08/05 22:34:02 INFO OracleAlgo: Job Train completed.
22/08/05 22:34:02 INFO OracleAlgo: begin recommend
22/08/05 22:34:04 INFO OracleAlgo: end recommend
22/08/05 22:34:04 INFO RecommenderJob: Evaluator info:NormalizedDCGEvaluator is 0.03662600954945364
22/08/05 22:34:04 INFO RecommenderJob: Evaluator info:PStatisticalParityEvaluator is -0.7153395139063283
